"../../../Engine/Content/Functions/Engine_MaterialFunctions01/Shading/PowerToRoughness.uasset" 0
"../../../Engine/Content/Functions/Engine_MaterialFunctions01/Shading/PowerToRoughness.uexp" 1
"../../../Engine/Content/Functions/Engine_MaterialFunctions01/Shading/ConvertFromDiffSpec.uasset" 2
"../../../Engine/Content/Functions/Engine_MaterialFunctions01/Shading/ConvertFromDiffSpec.uexp" 3
"../../../Engine/Content/EngineSounds/Master.uasset" 4
"../../../Engine/Content/EngineSounds/Master.uexp" 5
"../../../Engine/Content/EngineSky/VolumetricClouds/CloudWeatherTexture.uasset" 6
"../../../Engine/Content/EngineSky/VolumetricClouds/CloudWeatherTexture.uexp" 7
"../../../Engine/Content/Functions/Engine_MaterialFunctions02/Utility/MakeFloat2.uasset" 8
"../../../Engine/Content/Functions/Engine_MaterialFunctions02/Utility/MakeFloat2.uexp" 9
"../../../Engine/Content/EngineSky/VolumetricClouds/CloudGradientTexture.uasset" 10
"../../../Engine/Content/EngineSky/VolumetricClouds/CloudGradientTexture.uexp" 11
"../../../Engine/Content/EngineSky/VolumetricClouds/T_NoiseShape64.ubulk" 12
"../../../Engine/Content/EngineSky/VolumetricClouds/T_NoiseShape64.uasset" 13
"../../../Engine/Content/EngineSky/VolumetricClouds/T_NoiseShape64.uexp" 14
"../../../Engine/Content/EngineSky/VolumetricClouds/T_VolumeNoiseShape64.uasset" 15
"../../../Engine/Content/EngineSky/VolumetricClouds/T_VolumeNoiseShape64.uexp" 16
"../../../Engine/Content/EngineSky/VolumetricClouds/T_NoiseErosion.ubulk" 17
"../../../Engine/Content/EngineSky/VolumetricClouds/T_NoiseErosion.uasset" 18
"../../../Engine/Content/EngineSky/VolumetricClouds/T_NoiseErosion.uexp" 19
"../../../Engine/Content/EngineSky/VolumetricClouds/T_VolumeNoiseErosion32.uasset" 20
"../../../Engine/Content/EngineSky/VolumetricClouds/T_VolumeNoiseErosion32.uexp" 21
"../../../Engine/Content/EngineSky/VolumetricClouds/m_SimpleVolumetricCloud.uasset" 22
"../../../Engine/Content/EngineSky/VolumetricClouds/m_SimpleVolumetricCloud.uexp" 23
"../../../Engine/Content/EngineSky/VolumetricClouds/m_SimpleVolumetricCloud_Inst.uasset" 24
"../../../Engine/Content/EngineSky/VolumetricClouds/m_SimpleVolumetricCloud_Inst.uexp" 25
"../../../Engine/Content/EngineResources/GradientTexture0.uasset" 26
"../../../Engine/Content/EngineResources/GradientTexture0.uexp" 27
"../../../Engine/Content/EngineResources/DefaultVolumeTexture2D.uasset" 28
"../../../Engine/Content/EngineResources/DefaultVolumeTexture2D.uexp" 29
"../../../Engine/Content/EngineResources/DefaultVolumeTexture.uasset" 30
"../../../Engine/Content/EngineResources/DefaultVolumeTexture.uexp" 31
"../../../Engine/Content/EngineResources/DefaultTextureCube.uasset" 32
"../../../Engine/Content/EngineResources/DefaultTextureCube.uexp" 33
"../../../Engine/Content/EngineResources/DefaultTexture.ubulk" 34
"../../../Engine/Content/EngineResources/DefaultTexture.uasset" 35
"../../../Engine/Content/EngineResources/DefaultTexture.uexp" 36
"../../../Engine/Content/EngineResources/Black.uasset" 37
"../../../Engine/Content/EngineResources/Black.uexp" 38
"../../../Engine/Content/EngineResources/FilmGrains/Marcie_Grain_v3_128_M2_000.uasset" 39
"../../../Engine/Content/EngineResources/FilmGrains/Marcie_Grain_v3_128_M2_000.uexp" 40
"../../../Engine/Content/EngineMeshes/Sphere.uasset" 41
"../../../Engine/Content/EngineMeshes/Sphere.uexp" 42
"../../../Engine/Content/EngineResources/WhiteSquareTexture.uasset" 43
"../../../Engine/Content/EngineResources/WhiteSquareTexture.uexp" 44
"../../../Engine/Content/EngineMaterials/Widget3DPassThrough.uasset" 45
"../../../Engine/Content/EngineMaterials/Widget3DPassThrough.uexp" 46
"../../../Engine/Content/EngineMaterials/Widget3DPassThrough_Translucent.uasset" 47
"../../../Engine/Content/EngineMaterials/Widget3DPassThrough_Translucent.uexp" 48
"../../../Engine/Content/EngineMaterials/Widget3DPassThrough_Translucent_OneSided.uasset" 49
"../../../Engine/Content/EngineMaterials/Widget3DPassThrough_Translucent_OneSided.uexp" 50
"../../../Engine/Content/EngineMaterials/Widget3DPassThrough_Opaque.uasset" 51
"../../../Engine/Content/EngineMaterials/Widget3DPassThrough_Opaque.uexp" 52
"../../../Engine/Content/EngineMaterials/Widget3DPassThrough_Opaque_OneSided.uasset" 53
"../../../Engine/Content/EngineMaterials/Widget3DPassThrough_Opaque_OneSided.uexp" 54
"../../../Engine/Content/EngineMaterials/Widget3DPassThrough_Masked_OneSided.uasset" 55
"../../../Engine/Content/EngineMaterials/Widget3DPassThrough_Masked_OneSided.uexp" 56
"../../../Engine/Content/EngineMaterials/Widget3DPassThrough_Masked.uasset" 57
"../../../Engine/Content/EngineMaterials/Widget3DPassThrough_Masked.uexp" 58
"../../../Engine/Content/EngineMaterials/WeightMapPlaceholderTexture.uasset" 59
"../../../Engine/Content/EngineMaterials/WeightMapPlaceholderTexture.uexp" 60
"../../../Engine/Content/EngineMaterials/RemoveSurfaceMaterial.uasset" 61
"../../../Engine/Content/EngineMaterials/RemoveSurfaceMaterial.uexp" 62
"../../../Engine/Content/EngineMaterials/PreintegratedSkinBRDF.uasset" 63
"../../../Engine/Content/EngineMaterials/PreintegratedSkinBRDF.uexp" 64
"../../../Engine/Content/EngineMaterials/DefaultCalibrationGrayscale.uasset" 65
"../../../Engine/Content/EngineMaterials/DefaultCalibrationGrayscale.uexp" 66
"../../../Engine/Content/EngineMaterials/PPM_DefaultCalibrationGrayscale.uasset" 67
"../../../Engine/Content/EngineMaterials/PPM_DefaultCalibrationGrayscale.uexp" 68
"../../../Engine/Content/EngineMaterials/DefaultCalibrationColor.uasset" 69
"../../../Engine/Content/EngineMaterials/DefaultCalibrationColor.uexp" 70
"../../../Engine/Content/EngineMaterials/PPM_DefaultCalibrationColor.uasset" 71
"../../../Engine/Content/EngineMaterials/PPM_DefaultCalibrationColor.uexp" 72
"../../../Engine/Content/Functions/Engine_MaterialFunctions02/WorldPositionOffset/CameraOffset.uasset" 73
"../../../Engine/Content/Functions/Engine_MaterialFunctions02/WorldPositionOffset/CameraOffset.uexp" 74
"../../../Engine/Content/EngineMaterials/PhAT_JointLimitMaterial.uasset" 75
"../../../Engine/Content/EngineMaterials/PhAT_JointLimitMaterial.uexp" 76
"../../../Engine/Content/EngineMaterials/InvalidLightmapSettings.ubulk" 77
"../../../Engine/Content/EngineMaterials/InvalidLightmapSettings.uasset" 78
"../../../Engine/Content/EngineMaterials/InvalidLightmapSettings.uexp" 79
"../../../Engine/Content/EngineMaterials/M_InvalidLightmapSettings.uasset" 80
"../../../Engine/Content/EngineMaterials/M_InvalidLightmapSettings.uexp" 81
"../../../Engine/Content/EngineMaterials/MiniFont.uasset" 82
"../../../Engine/Content/EngineMaterials/MiniFont.uexp" 83
"../../../Engine/Content/EngineMaterials/Good64x64TilingNoiseHighFreq.uasset" 84
"../../../Engine/Content/EngineMaterials/Good64x64TilingNoiseHighFreq.uexp" 85
"../../../Engine/Content/EngineMaterials/GizmoMaterial.uasset" 86
"../../../Engine/Content/EngineMaterials/GizmoMaterial.uexp" 87
"../../../Engine/Content/EngineMaterials/BaseFlattenEmissiveMap_VT.uasset" 88
"../../../Engine/Content/EngineMaterials/BaseFlattenEmissiveMap_VT.uexp" 89
"../../../Engine/Content/EngineMaterials/BaseFlattenGrayscaleMap_VT.uasset" 90
"../../../Engine/Content/EngineMaterials/BaseFlattenGrayscaleMap_VT.uexp" 91
"../../../Engine/Content/EngineMaterials/BaseFlattenLinearColor_VT.uasset" 92
"../../../Engine/Content/EngineMaterials/BaseFlattenLinearColor_VT.uexp" 93
"../../../Engine/Content/EngineMaterials/Black_1x1_EXR_Texture_VT.uasset" 94
"../../../Engine/Content/EngineMaterials/Black_1x1_EXR_Texture_VT.uexp" 95
"../../../Engine/Content/EngineMaterials/BaseFlattenDiffuseMap_VT.uasset" 96
"../../../Engine/Content/EngineMaterials/BaseFlattenDiffuseMap_VT.uexp" 97
"../../../Engine/Content/EngineMaterials/BaseFlattenNormalMap_VT.uasset" 98
"../../../Engine/Content/EngineMaterials/BaseFlattenNormalMap_VT.uexp" 99
"../../../Engine/Content/EngineMaterials/FlattenMaterial_VT.uasset" 100
"../../../Engine/Content/EngineMaterials/FlattenMaterial_VT.uexp" 101
"../../../Engine/Content/EngineMaterials/BaseFlattenNormalMap.uasset" 102
"../../../Engine/Content/EngineMaterials/BaseFlattenNormalMap.uexp" 103
"../../../Engine/Content/EngineMaterials/BaseFlattenGrayscaleMap.uasset" 104
"../../../Engine/Content/EngineMaterials/BaseFlattenGrayscaleMap.uexp" 105
"../../../Engine/Content/EngineMaterials/BaseFlattenDiffuseMap.uasset" 106
"../../../Engine/Content/EngineMaterials/BaseFlattenDiffuseMap.uexp" 107
"../../../Engine/Content/Functions/Engine_MaterialFunctions02/PivotPainter2/Black_1x1_EXR_Texture.uasset" 108
"../../../Engine/Content/Functions/Engine_MaterialFunctions02/PivotPainter2/Black_1x1_EXR_Texture.uexp" 109
"../../../Engine/Content/EngineMaterials/BaseFlattenEmissiveMap.uasset" 110
"../../../Engine/Content/EngineMaterials/BaseFlattenEmissiveMap.uexp" 111
"../../../Engine/Content/EngineMaterials/BaseFlattenLinearColor.uasset" 112
"../../../Engine/Content/EngineMaterials/BaseFlattenLinearColor.uexp" 113
"../../../Engine/Content/EngineMaterials/FlattenMaterial.uasset" 114
"../../../Engine/Content/EngineMaterials/FlattenMaterial.uexp" 115
"../../../Engine/Content/EngineMaterials/DefaultWhiteGrid_Low.uasset" 116
"../../../Engine/Content/EngineMaterials/DefaultWhiteGrid_Low.uexp" 117
"../../../Engine/Content/EngineMaterials/EmissiveMeshMaterial.uasset" 118
"../../../Engine/Content/EngineMaterials/EmissiveMeshMaterial.uexp" 119
"../../../Engine/Content/EngineMaterials/DefaultWhiteGrid.ubulk" 120
"../../../Engine/Content/EngineMaterials/DefaultWhiteGrid.uasset" 121
"../../../Engine/Content/EngineMaterials/DefaultWhiteGrid.uexp" 122
"../../../Engine/Content/EngineFonts/RobotoDistanceField.uasset" 123
"../../../Engine/Content/EngineFonts/RobotoDistanceField.uexp" 124
"../../../Engine/Content/EngineMaterials/DefaultTextMaterialOpaque.uasset" 125
"../../../Engine/Content/EngineMaterials/DefaultTextMaterialOpaque.uexp" 126
"../../../Engine/Content/EngineMaterials/DefaultDiffuse.ubulk" 127
"../../../Engine/Content/EngineMaterials/DefaultDiffuse.uasset" 128
"../../../Engine/Content/EngineMaterials/DefaultDiffuse.uexp" 129
"../../../Engine/Content/Functions/Engine_MaterialFunctions02/Utility/BreakOutFloat2Components.uasset" 130
"../../../Engine/Content/Functions/Engine_MaterialFunctions02/Utility/BreakOutFloat2Components.uexp" 131
"../../../Engine/Content/EngineMaterials/DefaultPostProcessMaterial.uasset" 132
"../../../Engine/Content/EngineMaterials/DefaultPostProcessMaterial.uexp" 133
"../../../Engine/Content/EngineMaterials/DefaultLightFunctionMaterial.uasset" 134
"../../../Engine/Content/EngineMaterials/DefaultLightFunctionMaterial.uexp" 135
"../../../Engine/Content/EngineMaterials/DefaultDestructiblePhysicalMaterial.uasset" 136
"../../../Engine/Content/EngineMaterials/DefaultDestructiblePhysicalMaterial.uexp" 137
"../../../Engine/Content/EngineMaterials/DefaultDeferredDecalMaterial.uasset" 138
"../../../Engine/Content/EngineMaterials/DefaultDeferredDecalMaterial.uexp" 139
"../../../Engine/Content/EngineMaterials/DefaultBokeh.uasset" 140
"../../../Engine/Content/EngineMaterials/DefaultBokeh.uexp" 141
"../../../Engine/Content/EngineMaterials/DefaultBloomKernel.uasset" 142
"../../../Engine/Content/EngineMaterials/DefaultBloomKernel.uexp" 143
"../../../Engine/Content/EngineMaterials/BlueNoise.uasset" 144
"../../../Engine/Content/EngineMaterials/BlueNoise.uexp" 145
"../../../Engine/Content/EngineFonts/Faces/RobotoLight.uexp" 146
"../../../Engine/Content/EngineFonts/Faces/RobotoLight.uasset" 147
"../../../Engine/Content/EngineFonts/Faces/RobotoLight.ufont" 148
"../../../Engine/Content/EngineFonts/Faces/RobotoBold.uexp" 149
"../../../Engine/Content/EngineFonts/Faces/RobotoBold.uasset" 150
"../../../Engine/Content/EngineFonts/Faces/RobotoBold.ufont" 151
"../../../Engine/Content/EngineFonts/Faces/RobotoRegular.uexp" 152
"../../../Engine/Content/EngineFonts/Faces/RobotoRegular.uasset" 153
"../../../Engine/Content/EngineFonts/Faces/RobotoRegular.ufont" 154
"../../../Engine/Content/EngineFonts/Faces/DroidSansFallback.uexp" 155
"../../../Engine/Content/EngineFonts/Faces/DroidSansFallback.uasset" 156
"../../../Engine/Content/EngineFonts/Faces/DroidSansFallback.ufont" 157
"../../../Engine/Content/EngineFonts/Faces/RobotoItalic.uexp" 158
"../../../Engine/Content/EngineFonts/Faces/RobotoItalic.uasset" 159
"../../../Engine/Content/EngineFonts/Faces/RobotoItalic.ufont" 160
"../../../Engine/Content/EngineFonts/Faces/RobotoBoldItalic.uexp" 161
"../../../Engine/Content/EngineFonts/Faces/RobotoBoldItalic.uasset" 162
"../../../Engine/Content/EngineFonts/Faces/RobotoBoldItalic.ufont" 163
"../../../Engine/Content/EngineFonts/Roboto.uasset" 164
"../../../Engine/Content/EngineFonts/Roboto.uexp" 165
"../../../Engine/Content/Functions/Engine_MaterialFunctions02/Utility/CameraDirectionVector.uasset" 166
"../../../Engine/Content/Functions/Engine_MaterialFunctions02/Utility/CameraDirectionVector.uexp" 167
"../../../Engine/Content/EngineDebugMaterials/VolumeToRender.uasset" 168
"../../../Engine/Content/EngineDebugMaterials/VolumeToRender.uexp" 169
"../../../Engine/Content/EngineDebugMaterials/M_VolumeRenderSphereTracePP.uasset" 170
"../../../Engine/Content/EngineDebugMaterials/M_VolumeRenderSphereTracePP.uexp" 171
"../../../Engine/Content/EngineDebugMaterials/M_SimpleUnlitTranslucent.uasset" 172
"../../../Engine/Content/EngineDebugMaterials/M_SimpleUnlitTranslucent.uexp" 173
"../../../Engine/Content/EngineDebugMaterials/DebugMeshMaterial.uasset" 174
"../../../Engine/Content/EngineDebugMaterials/DebugMeshMaterial.uexp" 175
"../../../Engine/Content/EngineDebugMaterials/DebugEditorMaterial.uasset" 176
"../../../Engine/Content/EngineDebugMaterials/DebugEditorMaterial.uexp" 177
"../../../Engine/Content/EngineDamageTypes/DmgTypeBP_Environmental.uasset" 178
"../../../Engine/Content/EngineDamageTypes/DmgTypeBP_Environmental.uexp" 179
"../../../Engine/Content/EditorResources/S_TriggerSphere.uasset" 180
"../../../Engine/Content/EditorResources/S_TriggerSphere.uexp" 181
"../../../Engine/Content/EditorResources/S_TriggerCapsule.uasset" 182
"../../../Engine/Content/EditorResources/S_TriggerCapsule.uexp" 183
"../../../Engine/Content/EditorResources/S_TriggerBox.uasset" 184
"../../../Engine/Content/EditorResources/S_TriggerBox.uexp" 185
"../../../Engine/Content/EditorResources/S_Trigger.ubulk" 186
"../../../Engine/Content/EditorResources/S_Trigger.uasset" 187
"../../../Engine/Content/EditorResources/S_Trigger.uexp" 188
"../../../Engine/Content/EditorResources/S_Terrain.ubulk" 189
"../../../Engine/Content/EditorResources/S_Terrain.uasset" 190
"../../../Engine/Content/EditorResources/S_Terrain.uexp" 191
"../../../Engine/Content/EditorResources/S_Solver.ubulk" 192
"../../../Engine/Content/EditorResources/S_Solver.uasset" 193
"../../../Engine/Content/EditorResources/S_Solver.uexp" 194
"../../../Engine/Content/EditorResources/S_BoxReflectionCapture.uasset" 195
"../../../Engine/Content/EditorResources/S_BoxReflectionCapture.uexp" 196
"../../../Engine/Content/EditorResources/S_Actor.ubulk" 197
"../../../Engine/Content/EditorResources/S_Actor.uasset" 198
"../../../Engine/Content/EditorResources/S_Actor.uexp" 199
"../../../Engine/Content/EditorResources/EmptyActor.uasset" 200
"../../../Engine/Content/EditorResources/EmptyActor.uexp" 201
"../../../Engine/Content/EditorResources/BSPVertex.uasset" 202
"../../../Engine/Content/EditorResources/BSPVertex.uexp" 203
"../../../Engine/Content/EditorResources/SequenceRecorder/RecordingIndicator.uasset" 204
"../../../Engine/Content/EditorResources/SequenceRecorder/RecordingIndicator.uexp" 205
"../../../Engine/Content/EditorResources/SequenceRecorder/Countdown.uasset" 206
"../../../Engine/Content/EditorResources/SequenceRecorder/Countdown.uexp" 207
"../../../Engine/Content/EditorMaterials/Camera/CineMat.uasset" 208
"../../../Engine/Content/EditorMaterials/Camera/CineMat.uexp" 209
"../../../Engine/Content/EditorMaterials/Camera/MI_CineMat_Rig.uasset" 210
"../../../Engine/Content/EditorMaterials/Camera/MI_CineMat_Rig.uexp" 211
"../../../Engine/Content/EditorMeshes/Camera/SM_RailRig_Track.uasset" 212
"../../../Engine/Content/EditorMeshes/Camera/SM_RailRig_Track.uexp" 213
"../../../Engine/Content/EditorMeshes/Camera/SM_RailRig_Mount.uasset" 214
"../../../Engine/Content/EditorMeshes/Camera/SM_RailRig_Mount.uexp" 215
"../../../Engine/Content/EditorMeshes/Camera/SM_CraneRig_Mount.uasset" 216
"../../../Engine/Content/EditorMeshes/Camera/SM_CraneRig_Mount.uexp" 217
"../../../Engine/Content/EditorMeshes/Camera/SM_CraneRig_Body.uasset" 218
"../../../Engine/Content/EditorMeshes/Camera/SM_CraneRig_Body.uexp" 219
"../../../Engine/Content/EditorMeshes/Camera/SM_CraneRig_Base.uasset" 220
"../../../Engine/Content/EditorMeshes/Camera/SM_CraneRig_Base.uexp" 221
"../../../Engine/Content/EditorMeshes/Camera/SM_CraneRig_Arm.uasset" 222
"../../../Engine/Content/EditorMeshes/Camera/SM_CraneRig_Arm.uexp" 223
"../../../Engine/Content/EditorMaterials/PreviewShadowIndicator.ubulk" 224
"../../../Engine/Content/EditorMaterials/PreviewShadowIndicator.uasset" 225
"../../../Engine/Content/EditorMaterials/PreviewShadowIndicator.uexp" 226
"../../../Engine/Content/EditorMaterials/PreviewShadowIndicatorMaterial.uasset" 227
"../../../Engine/Content/EditorMaterials/PreviewShadowIndicatorMaterial.uexp" 228
"../../../Engine/Content/EditorMaterials/MAT_Groups_Visibility.uasset" 229
"../../../Engine/Content/EditorMaterials/MAT_Groups_Visibility.uexp" 230
"../../../Engine/Content/EditorMaterials/MAT_Groups_Toggle.uasset" 231
"../../../Engine/Content/EditorMaterials/MAT_Groups_Toggle.uexp" 232
"../../../Engine/Content/Functions/Engine_MaterialFunctions02/Utility/MakeFloat4.uasset" 233
"../../../Engine/Content/Functions/Engine_MaterialFunctions02/Utility/MakeFloat4.uexp" 234
"../../../Engine/Content/Functions/Engine_MaterialFunctions02/Utility/MakeFloat3.uasset" 235
"../../../Engine/Content/Functions/Engine_MaterialFunctions02/Utility/MakeFloat3.uexp" 236
"../../../Engine/Content/Functions/Engine_MaterialFunctions02/Utility/BreakOutFloat3Components.uasset" 237
"../../../Engine/Content/Functions/Engine_MaterialFunctions02/Utility/BreakOutFloat3Components.uexp" 238
"../../../Engine/Content/EditorMaterials/WorldPartition/WorldPartitionSpatialHashGridPreviewMaterial.uasset" 239
"../../../Engine/Content/EditorMaterials/WorldPartition/WorldPartitionSpatialHashGridPreviewMaterial.uexp" 240
"../../../Engine/Content/EditorMaterials/ParticleSystems/PSysThumbnail_OOD.ubulk" 241
"../../../Engine/Content/EditorMaterials/ParticleSystems/PSysThumbnail_OOD.uasset" 242
"../../../Engine/Content/EditorMaterials/ParticleSystems/PSysThumbnail_OOD.uexp" 243
"../../../Engine/Content/EditorMaterials/ParticleSystems/PSysThumbnail_NoImage.ubulk" 244
"../../../Engine/Content/EditorMaterials/ParticleSystems/PSysThumbnail_NoImage.uasset" 245
"../../../Engine/Content/EditorMaterials/ParticleSystems/PSysThumbnail_NoImage.uexp" 246
"../../../Engine/Content/EditorMaterials/MatineeGroups/MAT_Groups_Vector.uasset" 247
"../../../Engine/Content/EditorMaterials/MatineeGroups/MAT_Groups_Vector.uexp" 248
"../../../Engine/Content/EditorMaterials/MatineeGroups/MAT_Groups_Sound.uasset" 249
"../../../Engine/Content/EditorMaterials/MatineeGroups/MAT_Groups_Sound.uexp" 250
"../../../Engine/Content/EditorMaterials/MatineeGroups/MAT_Groups_Slomo.uasset" 251
"../../../Engine/Content/EditorMaterials/MatineeGroups/MAT_Groups_Slomo.uexp" 252
"../../../Engine/Content/EditorMaterials/MatineeGroups/MAT_Groups_Move.uasset" 253
"../../../Engine/Content/EditorMaterials/MatineeGroups/MAT_Groups_Move.uexp" 254
"../../../Engine/Content/EditorMaterials/MatineeGroups/MAT_Groups_Float.uasset" 255
"../../../Engine/Content/EditorMaterials/MatineeGroups/MAT_Groups_Float.uexp" 256
"../../../Engine/Content/EditorMaterials/MatineeGroups/MAT_Groups_Fade.uasset" 257
"../../../Engine/Content/EditorMaterials/MatineeGroups/MAT_Groups_Fade.uexp" 258
"../../../Engine/Content/EditorMaterials/MatineeGroups/MAT_Groups_Event.uasset" 259
"../../../Engine/Content/EditorMaterials/MatineeGroups/MAT_Groups_Event.uexp" 260
"../../../Engine/Content/EditorMaterials/MatineeGroups/MAT_Groups_Director.uasset" 261
"../../../Engine/Content/EditorMaterials/MatineeGroups/MAT_Groups_Director.uexp" 262
"../../../Engine/Content/EditorMaterials/MatineeGroups/MAT_Groups_AudioMaster.uasset" 263
"../../../Engine/Content/EditorMaterials/MatineeGroups/MAT_Groups_AudioMaster.uexp" 264
"../../../Engine/Content/EditorMaterials/MatineeGroups/MAT_Groups_Anim.uasset" 265
"../../../Engine/Content/EditorMaterials/MatineeGroups/MAT_Groups_Anim.uexp" 266
"../../../Engine/Content/EditorMaterials/MatineeGroups/MAT_ColorTrack.uasset" 267
"../../../Engine/Content/EditorMaterials/MatineeGroups/MAT_ColorTrack.uexp" 268
"../../../Engine/Content/EditorLandscapeResources/DefaultAlphaTexture.uasset" 269
"../../../Engine/Content/EditorLandscapeResources/DefaultAlphaTexture.uexp" 270
"../../../Engine/Content/EditorLandscapeResources/DataLayer.uasset" 271
"../../../Engine/Content/EditorLandscapeResources/DataLayer.uexp" 272
"../../../Engine/Content/EngineMaterials/T_Default_Material_Grid_M.ubulk" 273
"../../../Engine/Content/EngineMaterials/T_Default_Material_Grid_M.uasset" 274
"../../../Engine/Content/EngineMaterials/T_Default_Material_Grid_M.uexp" 275
"../../../Engine/Content/EngineMaterials/T_Default_Material_Grid_N.ubulk" 276
"../../../Engine/Content/EngineMaterials/T_Default_Material_Grid_N.uasset" 277
"../../../Engine/Content/EngineMaterials/T_Default_Material_Grid_N.uexp" 278
"../../../Engine/Content/Functions/Engine_MaterialFunctions01/Opacity/CameraDepthFade.uasset" 279
"../../../Engine/Content/Functions/Engine_MaterialFunctions01/Opacity/CameraDepthFade.uexp" 280
"../../../Engine/Content/EngineMaterials/DefaultMaterial.uasset" 281
"../../../Engine/Content/EngineMaterials/DefaultMaterial.uexp" 282
"../../../Engine/Content/BasicShapes/Sphere.uasset" 283
"../../../Engine/Content/BasicShapes/Sphere.uexp" 284
"../../../Engine/Content/EngineMaterials/WorldGridMaterial.uasset" 285
"../../../Engine/Content/EngineMaterials/WorldGridMaterial.uexp" 286
"../../../Engine/Content/BasicShapes/Plane.uasset" 287
"../../../Engine/Content/BasicShapes/Plane.uexp" 288
"../../../Engine/Content/BasicShapes/Cylinder.uasset" 289
"../../../Engine/Content/BasicShapes/Cylinder.uexp" 290
"../../../Engine/Content/BasicShapes/Cube.uasset" 291
"../../../Engine/Content/BasicShapes/Cube.uexp" 292
"../../../Engine/Content/BasicShapes/Cone.uasset" 293
"../../../Engine/Content/BasicShapes/Cone.uexp" 294
"../../../Engine/Content/ArtTools/RenderToTexture/Meshes/S_1_Unit_Plane.uasset" 295
"../../../Engine/Content/ArtTools/RenderToTexture/Meshes/S_1_Unit_Plane.uexp" 296
"../../../Engine/Content/MobileResources/HUD/VirtualJoystick_Background.uasset" 297
"../../../Engine/Content/MobileResources/HUD/VirtualJoystick_Background.uexp" 298
"../../../Engine/Content/MobileResources/HUD/VirtualJoystick_Thumb.uasset" 299
"../../../Engine/Content/MobileResources/HUD/VirtualJoystick_Thumb.uexp" 300
"../../../Engine/Content/MobileResources/HUD/DefaultVirtualJoysticks.uasset" 301
"../../../Engine/Content/MobileResources/HUD/DefaultVirtualJoysticks.uexp" 302
"../../../Engine/Content/Tutorial/ContentIntroCurve.uasset" 303
"../../../Engine/Content/Tutorial/ContentIntroCurve.uexp" 304
"../../../Engine/Content/VREditor/TransformGizmo/Main.uasset" 305
"../../../Engine/Content/VREditor/TransformGizmo/Main.uexp" 306
"../../../Engine/Content/VREditor/TransformGizmo/Xray.uasset" 307
"../../../Engine/Content/VREditor/TransformGizmo/Xray.uexp" 308
"../../../Engine/Content/VREditor/TransformGizmo/SM_Sequencer_Node.uasset" 309
"../../../Engine/Content/VREditor/TransformGizmo/SM_Sequencer_Node.uexp" 310
"../../../Engine/Content/VREditor/LaserPointer/VR_LaserPower_01.ubulk" 311
"../../../Engine/Content/VREditor/LaserPointer/VR_LaserPower_01.uasset" 312
"../../../Engine/Content/VREditor/LaserPointer/VR_LaserPower_01.uexp" 313
"../../../Engine/Content/VREditor/TransformGizmo/TransformGizmoMaterial.uasset" 314
"../../../Engine/Content/VREditor/TransformGizmo/TransformGizmoMaterial.uexp" 315
"../../../Engine/Content/VREditor/TransformGizmo/TranslucentTransformGizmoMaterial.uasset" 316
"../../../Engine/Content/VREditor/TransformGizmo/TranslucentTransformGizmoMaterial.uexp" 317
"../../../Engine/Content/VREditor/TransformGizmo/PlaneTranslationHandle.uasset" 318
"../../../Engine/Content/VREditor/TransformGizmo/PlaneTranslationHandle.uexp" 319
"../../../Engine/Content/VREditor/TransformGizmo/BoundingBoxEdge.uasset" 320
"../../../Engine/Content/VREditor/TransformGizmo/BoundingBoxEdge.uexp" 321
"../../../Engine/Content/VREditor/TransformGizmo/BoundingBoxCorner.uasset" 322
"../../../Engine/Content/VREditor/TransformGizmo/BoundingBoxCorner.uexp" 323
"../../../Engine/Content/EngineMaterials/DefaultPhysicalMaterial.uasset" 324
"../../../Engine/Content/EngineMaterials/DefaultPhysicalMaterial.uexp" 325
"../../../Engine/Content/EngineMaterials/BlendFunc_DefBlend.uasset" 326
"../../../Engine/Content/EngineMaterials/BlendFunc_DefBlend.uexp" 327
"../../../Engine/Content/EngineMaterials/BlendFunc_DefBase.uasset" 328
"../../../Engine/Content/EngineMaterials/BlendFunc_DefBase.uexp" 329
"../../../Engine/Content/Functions/Engine_MaterialFunctions03/Blends/Blend_Overlay.uasset" 330
"../../../Engine/Content/Functions/Engine_MaterialFunctions03/Blends/Blend_Overlay.uexp" 331
"../../../Engine/Content/OpenWorldTemplate/LandscapeMaterial/T_GridChecker_A.ubulk" 332
"../../../Engine/Content/OpenWorldTemplate/LandscapeMaterial/T_GridChecker_A.uasset" 333
"../../../Engine/Content/OpenWorldTemplate/LandscapeMaterial/T_GridChecker_A.uexp" 334
"../../../Engine/Content/Functions/Engine_MaterialFunctions01/Gradient/LinearGradient.uasset" 335
"../../../Engine/Content/Functions/Engine_MaterialFunctions01/Gradient/LinearGradient.uexp" 336
"../../../Engine/Content/Functions/Engine_MaterialFunctions01/ImageAdjustment/CheapContrast.uasset" 337
"../../../Engine/Content/Functions/Engine_MaterialFunctions01/ImageAdjustment/CheapContrast.uexp" 338
"../../../Engine/Content/OpenWorldTemplate/LandscapeMaterial/MF_ProcGrid.uasset" 339
"../../../Engine/Content/OpenWorldTemplate/LandscapeMaterial/MF_ProcGrid.uexp" 340
"../../../Engine/Content/OpenWorldTemplate/LandscapeMaterial/M_ProcGrid.uasset" 341
"../../../Engine/Content/OpenWorldTemplate/LandscapeMaterial/M_ProcGrid.uexp" 342
"../../../Engine/Content/EngineMaterials/FlattenMaterial_WS_Normal_VT.uasset" 343
"../../../Engine/Content/EngineMaterials/FlattenMaterial_WS_Normal_VT.uexp" 344
"../../../Engine/Content/OpenWorldTemplate/HLOD/HLOD0_Instancing.uasset" 345
"../../../Engine/Content/OpenWorldTemplate/HLOD/HLOD0_Instancing.uexp" 346
"../../../Engine/Content/EngineSky/T_Sky_Stars.ubulk" 347
"../../../Engine/Content/EngineSky/T_Sky_Stars.uasset" 348
"../../../Engine/Content/EngineSky/T_Sky_Stars.uexp" 349
"../../../Engine/Content/EngineSky/T_Sky_Clouds_M.ubulk" 350
"../../../Engine/Content/EngineSky/T_Sky_Clouds_M.uasset" 351
"../../../Engine/Content/EngineSky/T_Sky_Clouds_M.uexp" 352
"../../../Engine/Content/EngineSky/T_Sky_Blue.ubulk" 353
"../../../Engine/Content/EngineSky/T_Sky_Blue.uasset" 354
"../../../Engine/Content/EngineSky/T_Sky_Blue.uexp" 355
"../../../Engine/Content/EngineSky/M_Sky_Panning_Clouds2.uasset" 356
"../../../Engine/Content/EngineSky/M_Sky_Panning_Clouds2.uexp" 357
"../../../Engine/Content/EngineSky/SM_SkySphere.uasset" 358
"../../../Engine/Content/EngineSky/SM_SkySphere.uexp" 359
"../../../Engine/Content/EngineSky/M_SimpleSkyDome.uasset" 360
"../../../Engine/Content/EngineSky/M_SimpleSkyDome.uexp" 361
"../../../Engine/Plugins/2D/Paper2D/Content/PlaceholderTextures/DummySpriteTexture.ubulk" 362
"../../../Engine/Plugins/2D/Paper2D/Content/PlaceholderTextures/DummySpriteTexture.uasset" 363
"../../../Engine/Plugins/2D/Paper2D/Content/PlaceholderTextures/DummySpriteTexture.uexp" 364
"../../../Engine/Plugins/2D/Paper2D/Content/DefaultSpriteMaterial.uasset" 365
"../../../Engine/Plugins/2D/Paper2D/Content/DefaultSpriteMaterial.uexp" 366
"../../../Engine/Plugins/2D/Paper2D/Content/OpaqueUnlitSpriteMaterial.uasset" 367
"../../../Engine/Plugins/2D/Paper2D/Content/OpaqueUnlitSpriteMaterial.uexp" 368
"../../../Engine/Plugins/2D/Paper2D/Content/MaskedUnlitSpriteMaterial.uasset" 369
"../../../Engine/Plugins/2D/Paper2D/Content/MaskedUnlitSpriteMaterial.uexp" 370
"../../../Engine/Plugins/2D/Paper2D/Content/DummySprite.uasset" 371
"../../../Engine/Plugins/2D/Paper2D/Content/DummySprite.uexp" 372
"../../../Engine/Plugins/2D/Paper2D/Content/DefaultPaperTerrainMaterial.uasset" 373
"../../../Engine/Plugins/2D/Paper2D/Content/DefaultPaperTerrainMaterial.uexp" 374
"../../../Engine/Plugins/Animation/ControlRig/Content/M_Manip.uasset" 375
"../../../Engine/Plugins/Animation/ControlRig/Content/M_Manip.uexp" 376
"../../../Engine/Plugins/Animation/ControlRig/Content/Controls/DefaultGizmoLibraryNormalized.uasset" 377
"../../../Engine/Plugins/Animation/ControlRig/Content/Controls/DefaultGizmoLibraryNormalized.uexp" 378
"../../../Engine/Plugins/Animation/ControlRig/Content/Controls/ControlRig_Wedge_solid.uasset" 379
"../../../Engine/Plugins/Animation/ControlRig/Content/Controls/ControlRig_Wedge_solid.uexp" 380
"../../../Engine/Plugins/Editor/SpeedTreeImporter/Content/SpeedTree9/game_wind_noise.ubulk" 381
"../../../Engine/Plugins/Editor/SpeedTreeImporter/Content/SpeedTree9/game_wind_noise.uasset" 382
"../../../Engine/Plugins/Editor/SpeedTreeImporter/Content/SpeedTree9/game_wind_noise.uexp" 383
"../../../Engine/Plugins/Editor/SpeedTreeImporter/Content/SpeedTree9/UnpackDirection.uasset" 384
"../../../Engine/Plugins/Editor/SpeedTreeImporter/Content/SpeedTree9/UnpackDirection.uexp" 385
"../../../Engine/Content/Functions/Engine_MaterialFunctions02/ObjectLocalBounds.uasset" 386
"../../../Engine/Content/Functions/Engine_MaterialFunctions02/ObjectLocalBounds.uexp" 387
"../../../Engine/Content/Functions/Engine_MaterialFunctions02/UVs/BoundingBoxBased_0-1_UVW.uasset" 388
"../../../Engine/Content/Functions/Engine_MaterialFunctions02/UVs/BoundingBoxBased_0-1_UVW.uexp" 389
"../../../Engine/Content/Functions/Engine_MaterialFunctions02/Utility/VectorLength.uasset" 390
"../../../Engine/Content/Functions/Engine_MaterialFunctions02/Utility/VectorLength.uexp" 391
"../../../Engine/Plugins/Editor/SpeedTreeImporter/Content/SpeedTree9/UnpackInteger3.uasset" 392
"../../../Engine/Plugins/Editor/SpeedTreeImporter/Content/SpeedTree9/UnpackInteger3.uexp" 393
"../../../Engine/Plugins/Editor/SpeedTreeImporter/Content/SpeedTree9/SpeedTreeCameraFacing.uasset" 394
"../../../Engine/Plugins/Editor/SpeedTreeImporter/Content/SpeedTree9/SpeedTreeCameraFacing.uexp" 395
"../../../Engine/Content/Functions/Engine_MaterialFunctions02/WorldPositionOffset/ObjectScale.uasset" 396
"../../../Engine/Content/Functions/Engine_MaterialFunctions02/WorldPositionOffset/ObjectScale.uexp" 397
"../../../Engine/Content/Functions/Engine_MaterialFunctions02/SafeNormalize.uasset" 398
"../../../Engine/Content/Functions/Engine_MaterialFunctions02/SafeNormalize.uexp" 399
"../../../Engine/Plugins/Editor/SpeedTreeImporter/Content/SpeedTree9/SpeedTreeWindMotion.uasset" 400
"../../../Engine/Plugins/Editor/SpeedTreeImporter/Content/SpeedTree9/SpeedTreeWindMotion.uexp" 401
"../../../Engine/Plugins/Editor/SpeedTreeImporter/Content/SpeedTree9/SpeedTreeBranchMotion.uasset" 402
"../../../Engine/Plugins/Editor/SpeedTreeImporter/Content/SpeedTree9/SpeedTreeBranchMotion.uexp" 403
"../../../Engine/Plugins/Editor/SpeedTreeImporter/Content/SpeedTree9/SpeedTreeWind.uasset" 404
"../../../Engine/Plugins/Editor/SpeedTreeImporter/Content/SpeedTree9/SpeedTreeWind.uexp" 405
"../../../Engine/Plugins/Editor/SpeedTreeImporter/Content/SpeedTree9/EmptyNormal.uasset" 406
"../../../Engine/Plugins/Editor/SpeedTreeImporter/Content/SpeedTree9/EmptyNormal.uexp" 407
"../../../Engine/Plugins/Editor/SpeedTreeImporter/Content/SpeedTree9/Empty.uasset" 408
"../../../Engine/Plugins/Editor/SpeedTreeImporter/Content/SpeedTree9/Empty.uexp" 409
"../../../Engine/Plugins/Editor/SpeedTreeImporter/Content/SpeedTree9/SpeedTreeMaster.uasset" 410
"../../../Engine/Plugins/Editor/SpeedTreeImporter/Content/SpeedTree9/SpeedTreeMaster.uexp" 411
"../../../Engine/Plugins/Editor/SpeedTreeImporter/Content/SpeedTree9/SpeedTreeBillboard.uasset" 412
"../../../Engine/Plugins/Editor/SpeedTreeImporter/Content/SpeedTree9/SpeedTreeBillboard.uexp" 413
"../../../Engine/Plugins/Editor/SpeedTreeImporter/Content/SpeedTree9/SpeedTreeBillboardMaster.uasset" 414
"../../../Engine/Plugins/Editor/SpeedTreeImporter/Content/SpeedTree9/SpeedTreeBillboardMaster.uexp" 415
"../../../Engine/Plugins/Animation/ControlRig/Content/Controls/ControlRig_Wedge_3mm.uasset" 416
"../../../Engine/Plugins/Animation/ControlRig/Content/Controls/ControlRig_Wedge_3mm.uexp" 417
"../../../Engine/Plugins/Animation/ControlRig/Content/Controls/ControlRig_Wedge_1mm.uasset" 418
"../../../Engine/Plugins/Animation/ControlRig/Content/Controls/ControlRig_Wedge_1mm.uexp" 419
"../../../Engine/Plugins/Animation/ControlRig/Content/Controls/ControlRig_Triangle_solid.uasset" 420
"../../../Engine/Plugins/Animation/ControlRig/Content/Controls/ControlRig_Triangle_solid.uexp" 421
"../../../Engine/Plugins/Animation/ControlRig/Content/Controls/ControlRig_Triangle_3mm.uasset" 422
"../../../Engine/Plugins/Animation/ControlRig/Content/Controls/ControlRig_Triangle_3mm.uexp" 423
"../../../Engine/Plugins/Animation/ControlRig/Content/Controls/ControlRig_Triangle_1mm.uasset" 424
"../../../Engine/Plugins/Animation/ControlRig/Content/Controls/ControlRig_Triangle_1mm.uexp" 425
"../../../Engine/Plugins/Animation/ControlRig/Content/Controls/ControlRig_Star4_solid.uasset" 426
"../../../Engine/Plugins/Animation/ControlRig/Content/Controls/ControlRig_Star4_solid.uexp" 427
"../../../Engine/Plugins/Animation/ControlRig/Content/Controls/ControlRig_Star4_3mm.uasset" 428
"../../../Engine/Plugins/Animation/ControlRig/Content/Controls/ControlRig_Star4_3mm.uexp" 429
"../../../Engine/Plugins/Animation/ControlRig/Content/Controls/ControlRig_Star4_1mm.uasset" 430
"../../../Engine/Plugins/Animation/ControlRig/Content/Controls/ControlRig_Star4_1mm.uexp" 431
"../../../Engine/Plugins/Animation/ControlRig/Content/Controls/ControlRig_Square_solid.uasset" 432
"../../../Engine/Plugins/Animation/ControlRig/Content/Controls/ControlRig_Square_solid.uexp" 433
"../../../Engine/Plugins/Animation/ControlRig/Content/Controls/ControlRig_Square_3mm.uasset" 434
"../../../Engine/Plugins/Animation/ControlRig/Content/Controls/ControlRig_Square_3mm.uexp" 435
"../../../Engine/Plugins/Animation/ControlRig/Content/Controls/ControlRig_Square_1mm.uasset" 436
"../../../Engine/Plugins/Animation/ControlRig/Content/Controls/ControlRig_Square_1mm.uexp" 437
"../../../Engine/Plugins/Animation/ControlRig/Content/Controls/ControlRig_Sphere_solid.uasset" 438
"../../../Engine/Plugins/Animation/ControlRig/Content/Controls/ControlRig_Sphere_solid.uexp" 439
"../../../Engine/Plugins/Animation/ControlRig/Content/Controls/ControlRig_Sphere_3mm.uasset" 440
"../../../Engine/Plugins/Animation/ControlRig/Content/Controls/ControlRig_Sphere_3mm.uexp" 441
"../../../Engine/Plugins/Animation/ControlRig/Content/Controls/ControlRig_Sphere_1mm.uasset" 442
"../../../Engine/Plugins/Animation/ControlRig/Content/Controls/ControlRig_Sphere_1mm.uexp" 443
"../../../Engine/Plugins/Animation/ControlRig/Content/Controls/ControlRig_RoundedTriangle_solid.uasset" 444
"../../../Engine/Plugins/Animation/ControlRig/Content/Controls/ControlRig_RoundedTriangle_solid.uexp" 445
"../../../Engine/Plugins/Animation/ControlRig/Content/Controls/ControlRig_RoundedTriangle_3mm.uasset" 446
"../../../Engine/Plugins/Animation/ControlRig/Content/Controls/ControlRig_RoundedTriangle_3mm.uexp" 447
"../../../Engine/Plugins/Animation/ControlRig/Content/Controls/ControlRig_RoundedTriangle_1mm.uasset" 448
"../../../Engine/Plugins/Animation/ControlRig/Content/Controls/ControlRig_RoundedTriangle_1mm.uexp" 449
"../../../Engine/Plugins/Animation/ControlRig/Content/Controls/ControlRig_RoundedSquare_solid.uasset" 450
"../../../Engine/Plugins/Animation/ControlRig/Content/Controls/ControlRig_RoundedSquare_solid.uexp" 451
"../../../Engine/Plugins/Animation/ControlRig/Content/Controls/ControlRig_RoundedSquare_3mm.uasset" 452
"../../../Engine/Plugins/Animation/ControlRig/Content/Controls/ControlRig_RoundedSquare_3mm.uexp" 453
"../../../Engine/Plugins/Animation/ControlRig/Content/Controls/ControlRig_RoundedSquare_1mm.uasset" 454
"../../../Engine/Plugins/Animation/ControlRig/Content/Controls/ControlRig_RoundedSquare_1mm.uexp" 455
"../../../Engine/Plugins/Animation/ControlRig/Content/Controls/ControlRig_QuarterCircle_solid.uasset" 456
"../../../Engine/Plugins/Animation/ControlRig/Content/Controls/ControlRig_QuarterCircle_solid.uexp" 457
"../../../Engine/Plugins/Animation/ControlRig/Content/Controls/ControlRig_QuarterCircle_3mm.uasset" 458
"../../../Engine/Plugins/Animation/ControlRig/Content/Controls/ControlRig_QuarterCircle_3mm.uexp" 459
"../../../Engine/Plugins/Animation/ControlRig/Content/Controls/ControlRig_QuarterCircle_1mm.uasset" 460
"../../../Engine/Plugins/Animation/ControlRig/Content/Controls/ControlRig_QuarterCircle_1mm.uexp" 461
"../../../Engine/Plugins/Animation/ControlRig/Content/Controls/ControlRig_Pyramid_solid.uasset" 462
"../../../Engine/Plugins/Animation/ControlRig/Content/Controls/ControlRig_Pyramid_solid.uexp" 463
"../../../Engine/Plugins/Animation/ControlRig/Content/Controls/ControlRig_Pyramid_3mm.uasset" 464
"../../../Engine/Plugins/Animation/ControlRig/Content/Controls/ControlRig_Pyramid_3mm.uexp" 465
"../../../Engine/Plugins/Animation/ControlRig/Content/Controls/ControlRig_Pyramid_1mm.uasset" 466
"../../../Engine/Plugins/Animation/ControlRig/Content/Controls/ControlRig_Pyramid_1mm.uexp" 467
"../../../Engine/Plugins/Animation/ControlRig/Content/Controls/ControlRig_Octagon_solid.uasset" 468
"../../../Engine/Plugins/Animation/ControlRig/Content/Controls/ControlRig_Octagon_solid.uexp" 469
"../../../Engine/Plugins/Animation/ControlRig/Content/Controls/ControlRig_Octagon_3mm.uasset" 470
"../../../Engine/Plugins/Animation/ControlRig/Content/Controls/ControlRig_Octagon_3mm.uexp" 471
"../../../Engine/Plugins/Animation/ControlRig/Content/Controls/ControlRig_Octagon_1mm.uasset" 472
"../../../Engine/Plugins/Animation/ControlRig/Content/Controls/ControlRig_Octagon_1mm.uexp" 473
"../../../Engine/Plugins/Animation/ControlRig/Content/Controls/ControlRig_Hexagon_solid.uasset" 474
"../../../Engine/Plugins/Animation/ControlRig/Content/Controls/ControlRig_Hexagon_solid.uexp" 475
"../../../Engine/Plugins/Animation/ControlRig/Content/Controls/ControlRig_Hexagon_3mm.uasset" 476
"../../../Engine/Plugins/Animation/ControlRig/Content/Controls/ControlRig_Hexagon_3mm.uexp" 477
"../../../Engine/Plugins/Animation/ControlRig/Content/Controls/ControlRig_Hexagon_1mm.uasset" 478
"../../../Engine/Plugins/Animation/ControlRig/Content/Controls/ControlRig_Hexagon_1mm.uexp" 479
"../../../Engine/Plugins/Animation/ControlRig/Content/Controls/ControlRig_HalfCircle_solid.uasset" 480
"../../../Engine/Plugins/Animation/ControlRig/Content/Controls/ControlRig_HalfCircle_solid.uexp" 481
"../../../Engine/Plugins/Animation/ControlRig/Content/Controls/ControlRig_HalfCircle_3mm.uasset" 482
"../../../Engine/Plugins/Animation/ControlRig/Content/Controls/ControlRig_HalfCircle_3mm.uexp" 483
"../../../Engine/Plugins/Animation/ControlRig/Content/Controls/ControlRig_HalfCircle_1mm.uasset" 484
"../../../Engine/Plugins/Animation/ControlRig/Content/Controls/ControlRig_HalfCircle_1mm.uexp" 485
"../../../Engine/Plugins/Animation/ControlRig/Content/Controls/ControlRig_Diamond_solid.uasset" 486
"../../../Engine/Plugins/Animation/ControlRig/Content/Controls/ControlRig_Diamond_solid.uexp" 487
"../../../Engine/Plugins/Animation/ControlRig/Content/Controls/ControlRig_Diamond_3mm.uasset" 488
"../../../Engine/Plugins/Animation/ControlRig/Content/Controls/ControlRig_Diamond_3mm.uexp" 489
"../../../Engine/Plugins/Animation/ControlRig/Content/Controls/ControlRig_Diamond_1mm.uasset" 490
"../../../Engine/Plugins/Animation/ControlRig/Content/Controls/ControlRig_Diamond_1mm.uexp" 491
"../../../Engine/Plugins/Animation/ControlRig/Content/Controls/ControlRig_Circle_solid.uasset" 492
"../../../Engine/Plugins/Animation/ControlRig/Content/Controls/ControlRig_Circle_solid.uexp" 493
"../../../Engine/Plugins/Animation/ControlRig/Content/Controls/ControlRig_Circle_3mm.uasset" 494
"../../../Engine/Plugins/Animation/ControlRig/Content/Controls/ControlRig_Circle_3mm.uexp" 495
"../../../Engine/Plugins/Animation/ControlRig/Content/Controls/ControlRig_Circle_1mm.uasset" 496
"../../../Engine/Plugins/Animation/ControlRig/Content/Controls/ControlRig_Circle_1mm.uexp" 497
"../../../Engine/Plugins/Animation/ControlRig/Content/Controls/ControlRig_Box_solid.uasset" 498
"../../../Engine/Plugins/Animation/ControlRig/Content/Controls/ControlRig_Box_solid.uexp" 499
"../../../Engine/Plugins/Animation/ControlRig/Content/Controls/ControlRig_Box_3mm.uasset" 500
"../../../Engine/Plugins/Animation/ControlRig/Content/Controls/ControlRig_Box_3mm.uexp" 501
"../../../Engine/Plugins/Animation/ControlRig/Content/Controls/ControlRig_Box_1mm.uasset" 502
"../../../Engine/Plugins/Animation/ControlRig/Content/Controls/ControlRig_Box_1mm.uexp" 503
"../../../Engine/Plugins/Animation/ControlRig/Content/Controls/ControlRig_Arrow_solid.uasset" 504
"../../../Engine/Plugins/Animation/ControlRig/Content/Controls/ControlRig_Arrow_solid.uexp" 505
"../../../Engine/Plugins/Animation/ControlRig/Content/Controls/ControlRig_Arrow_3mm.uasset" 506
"../../../Engine/Plugins/Animation/ControlRig/Content/Controls/ControlRig_Arrow_3mm.uexp" 507
"../../../Engine/Plugins/Animation/ControlRig/Content/Controls/ControlRig_Arrow_1mm.uasset" 508
"../../../Engine/Plugins/Animation/ControlRig/Content/Controls/ControlRig_Arrow_1mm.uexp" 509
"../../../Engine/Plugins/Animation/ControlRig/Content/Controls/ControlRig_Arrow4_solid.uasset" 510
"../../../Engine/Plugins/Animation/ControlRig/Content/Controls/ControlRig_Arrow4_solid.uexp" 511
"../../../Engine/Plugins/Animation/ControlRig/Content/Controls/ControlRig_Arrow4_3mm.uasset" 512
"../../../Engine/Plugins/Animation/ControlRig/Content/Controls/ControlRig_Arrow4_3mm.uexp" 513
"../../../Engine/Plugins/Animation/ControlRig/Content/Controls/ControlRig_Arrow4_1mm.uasset" 514
"../../../Engine/Plugins/Animation/ControlRig/Content/Controls/ControlRig_Arrow4_1mm.uexp" 515
"../../../Engine/Plugins/Animation/ControlRig/Content/Controls/ControlRig_Arrow2_solid.uasset" 516
"../../../Engine/Plugins/Animation/ControlRig/Content/Controls/ControlRig_Arrow2_solid.uexp" 517
"../../../Engine/Plugins/Animation/ControlRig/Content/Controls/ControlRig_Arrow2_3mm.uasset" 518
"../../../Engine/Plugins/Animation/ControlRig/Content/Controls/ControlRig_Arrow2_3mm.uexp" 519
"../../../Engine/Plugins/Animation/ControlRig/Content/Controls/ControlRig_Arrow2_1mm.uasset" 520
"../../../Engine/Plugins/Animation/ControlRig/Content/Controls/ControlRig_Arrow2_1mm.uexp" 521
"../../../Engine/Plugins/Animation/ControlRig/Content/Controls/ControlRigGizmoMaterial.uasset" 522
"../../../Engine/Plugins/Animation/ControlRig/Content/Controls/ControlRigGizmoMaterial.uexp" 523
"../../../Engine/Plugins/Runtime/HairStrands/Content/Materials/HairMeshesDefaultMaterial.uasset" 524
"../../../Engine/Plugins/Runtime/HairStrands/Content/Materials/HairMeshesDefaultMaterial.uexp" 525
"../../../Engine/Plugins/Runtime/HairStrands/Content/Materials/HairDefaultMaterial.uasset" 526
"../../../Engine/Plugins/Runtime/HairStrands/Content/Materials/HairDefaultMaterial.uexp" 527
"../../../Engine/Plugins/Runtime/HairStrands/Content/Materials/HairGroupColors.uasset" 528
"../../../Engine/Plugins/Runtime/HairStrands/Content/Materials/HairGroupColors.uexp" 529
"../../../Engine/Content/EngineMaterials/HairColorMap.uasset" 530
"../../../Engine/Content/EngineMaterials/HairColorMap.uexp" 531
"../../../Engine/Content/EngineMaterials/HairDebugColor.uasset" 532
"../../../Engine/Content/EngineMaterials/HairDebugColor.uexp" 533
"../../../Engine/Plugins/Runtime/HairStrands/Content/Materials/HairDebugMaterial.uasset" 534
"../../../Engine/Plugins/Runtime/HairStrands/Content/Materials/HairDebugMaterial.uexp" 535
"../../../Engine/Plugins/Runtime/HairStrands/Content/Materials/HairCardsDefaultMaterial.uasset" 536
"../../../Engine/Plugins/Runtime/HairStrands/Content/Materials/HairCardsDefaultMaterial.uexp" 537
"../../../Engine/Content/Maps/Entry_BuiltData.uasset" 538
"../../../Engine/Content/Maps/Entry_BuiltData.uexp" 539
"../../../Engine/Content/Maps/Entry.uexp" 540
"../../../Engine/Content/Maps/Entry.umap" 541
"../../../Engine/Content/Maps/Templates/OpenWorld.uexp" 542
"../../../Engine/Content/Maps/Templates/OpenWorld.ubulk" 543
"../../../Engine/Content/Maps/Templates/OpenWorld.umap" 544
"F:/ViksGame/UE/MashNDash/Content/Levels/L_MashNDash_1.uexp" 545
"F:/ViksGame/UE/MashNDash/Content/Levels/L_MashNDash_1.umap" 546
"../../../Engine/Content/Maps/Templates/OpenWorld/_Generated_/OpenWorld_MainGrid_L2_X0_Y-1_DL0.uexp" 547
"../../../Engine/Content/Maps/Templates/OpenWorld/_Generated_/OpenWorld_MainGrid_L2_X0_Y-1_DL0.ubulk" 548
"../../../Engine/Content/Maps/Templates/OpenWorld/_Generated_/OpenWorld_MainGrid_L2_X0_Y-1_DL0.umap" 549
"../../../Engine/Content/Maps/Templates/OpenWorld/_Generated_/OpenWorld_MainGrid_L2_X-1_Y-1_DL0.uexp" 550
"../../../Engine/Content/Maps/Templates/OpenWorld/_Generated_/OpenWorld_MainGrid_L2_X-1_Y-1_DL0.ubulk" 551
"../../../Engine/Content/Maps/Templates/OpenWorld/_Generated_/OpenWorld_MainGrid_L2_X-1_Y-1_DL0.umap" 552
"../../../Engine/Content/Maps/Templates/OpenWorld/_Generated_/OpenWorld_MainGrid_L1_X0_Y-1_DL0.uexp" 553
"../../../Engine/Content/Maps/Templates/OpenWorld/_Generated_/OpenWorld_MainGrid_L1_X0_Y-1_DL0.ubulk" 554
"../../../Engine/Content/Maps/Templates/OpenWorld/_Generated_/OpenWorld_MainGrid_L1_X0_Y-1_DL0.umap" 555
"../../../Engine/Content/Maps/Templates/OpenWorld/_Generated_/OpenWorld_MainGrid_L2_X0_Y0_DL0.uexp" 556
"../../../Engine/Content/Maps/Templates/OpenWorld/_Generated_/OpenWorld_MainGrid_L2_X0_Y0_DL0.ubulk" 557
"../../../Engine/Content/Maps/Templates/OpenWorld/_Generated_/OpenWorld_MainGrid_L2_X0_Y0_DL0.umap" 558
"../../../Engine/Content/Maps/Templates/OpenWorld/_Generated_/OpenWorld_MainGrid_L2_X-1_Y0_DL0.uexp" 559
"../../../Engine/Content/Maps/Templates/OpenWorld/_Generated_/OpenWorld_MainGrid_L2_X-1_Y0_DL0.ubulk" 560
"../../../Engine/Content/Maps/Templates/OpenWorld/_Generated_/OpenWorld_MainGrid_L2_X-1_Y0_DL0.umap" 561
"../../../Engine/Content/Maps/Templates/OpenWorld/_Generated_/OpenWorld_MainGrid_L1_X1_Y-1_DL0.uexp" 562
"../../../Engine/Content/Maps/Templates/OpenWorld/_Generated_/OpenWorld_MainGrid_L1_X1_Y-1_DL0.ubulk" 563
"../../../Engine/Content/Maps/Templates/OpenWorld/_Generated_/OpenWorld_MainGrid_L1_X1_Y-1_DL0.umap" 564
"../../../Engine/Content/Maps/Templates/OpenWorld/_Generated_/OpenWorld_MainGrid_L1_X1_Y1_DL0.uexp" 565
"../../../Engine/Content/Maps/Templates/OpenWorld/_Generated_/OpenWorld_MainGrid_L1_X1_Y1_DL0.ubulk" 566
"../../../Engine/Content/Maps/Templates/OpenWorld/_Generated_/OpenWorld_MainGrid_L1_X1_Y1_DL0.umap" 567
"../../../Engine/Content/Maps/Templates/OpenWorld/_Generated_/OpenWorld_MainGrid_L1_X-2_Y1_DL0.uexp" 568
"../../../Engine/Content/Maps/Templates/OpenWorld/_Generated_/OpenWorld_MainGrid_L1_X-2_Y1_DL0.ubulk" 569
"../../../Engine/Content/Maps/Templates/OpenWorld/_Generated_/OpenWorld_MainGrid_L1_X-2_Y1_DL0.umap" 570
"../../../Engine/Content/Maps/Templates/OpenWorld/_Generated_/OpenWorld_MainGrid_L1_X1_Y0_DL0.uexp" 571
"../../../Engine/Content/Maps/Templates/OpenWorld/_Generated_/OpenWorld_MainGrid_L1_X1_Y0_DL0.ubulk" 572
"../../../Engine/Content/Maps/Templates/OpenWorld/_Generated_/OpenWorld_MainGrid_L1_X1_Y0_DL0.umap" 573
"../../../Engine/Content/Maps/Templates/OpenWorld/_Generated_/OpenWorld_MainGrid_L1_X0_Y-2_DL0.uexp" 574
"../../../Engine/Content/Maps/Templates/OpenWorld/_Generated_/OpenWorld_MainGrid_L1_X0_Y-2_DL0.ubulk" 575
"../../../Engine/Content/Maps/Templates/OpenWorld/_Generated_/OpenWorld_MainGrid_L1_X0_Y-2_DL0.umap" 576
"../../../Engine/Content/Maps/Templates/OpenWorld/_Generated_/OpenWorld_MainGrid_L1_X-2_Y-1_DL0.uexp" 577
"../../../Engine/Content/Maps/Templates/OpenWorld/_Generated_/OpenWorld_MainGrid_L1_X-2_Y-1_DL0.ubulk" 578
"../../../Engine/Content/Maps/Templates/OpenWorld/_Generated_/OpenWorld_MainGrid_L1_X-2_Y-1_DL0.umap" 579
"../../../Engine/Content/Maps/Templates/OpenWorld/_Generated_/OpenWorld_MainGrid_L1_X-1_Y1_DL0.uexp" 580
"../../../Engine/Content/Maps/Templates/OpenWorld/_Generated_/OpenWorld_MainGrid_L1_X-1_Y1_DL0.ubulk" 581
"../../../Engine/Content/Maps/Templates/OpenWorld/_Generated_/OpenWorld_MainGrid_L1_X-1_Y1_DL0.umap" 582
"../../../Engine/Content/Maps/Templates/OpenWorld/_Generated_/OpenWorld_MainGrid_L1_X-1_Y0_DL0.uexp" 583
"../../../Engine/Content/Maps/Templates/OpenWorld/_Generated_/OpenWorld_MainGrid_L1_X-1_Y0_DL0.ubulk" 584
"../../../Engine/Content/Maps/Templates/OpenWorld/_Generated_/OpenWorld_MainGrid_L1_X-1_Y0_DL0.umap" 585
"../../../Engine/Content/Maps/Templates/OpenWorld/_Generated_/OpenWorld_MainGrid_L1_X-1_Y-2_DL0.uexp" 586
"../../../Engine/Content/Maps/Templates/OpenWorld/_Generated_/OpenWorld_MainGrid_L1_X-1_Y-2_DL0.ubulk" 587
"../../../Engine/Content/Maps/Templates/OpenWorld/_Generated_/OpenWorld_MainGrid_L1_X-1_Y-2_DL0.umap" 588
"../../../Engine/Content/Maps/Templates/OpenWorld/_Generated_/OpenWorld_MainGrid_L1_X-2_Y-2_DL0.uexp" 589
"../../../Engine/Content/Maps/Templates/OpenWorld/_Generated_/OpenWorld_MainGrid_L1_X-2_Y-2_DL0.ubulk" 590
"../../../Engine/Content/Maps/Templates/OpenWorld/_Generated_/OpenWorld_MainGrid_L1_X-2_Y-2_DL0.umap" 591
"../../../Engine/Content/Maps/Templates/OpenWorld/_Generated_/OpenWorld_MainGrid_L1_X0_Y0_DL0.uexp" 592
"../../../Engine/Content/Maps/Templates/OpenWorld/_Generated_/OpenWorld_MainGrid_L1_X0_Y0_DL0.ubulk" 593
"../../../Engine/Content/Maps/Templates/OpenWorld/_Generated_/OpenWorld_MainGrid_L1_X0_Y0_DL0.umap" 594
"../../../Engine/Content/Maps/Templates/OpenWorld/_Generated_/OpenWorld_MainGrid_L1_X1_Y-2_DL0.uexp" 595
"../../../Engine/Content/Maps/Templates/OpenWorld/_Generated_/OpenWorld_MainGrid_L1_X1_Y-2_DL0.ubulk" 596
"../../../Engine/Content/Maps/Templates/OpenWorld/_Generated_/OpenWorld_MainGrid_L1_X1_Y-2_DL0.umap" 597
"../../../Engine/Content/Maps/Templates/OpenWorld/_Generated_/OpenWorld_MainGrid_L1_X0_Y1_DL0.uexp" 598
"../../../Engine/Content/Maps/Templates/OpenWorld/_Generated_/OpenWorld_MainGrid_L1_X0_Y1_DL0.ubulk" 599
"../../../Engine/Content/Maps/Templates/OpenWorld/_Generated_/OpenWorld_MainGrid_L1_X0_Y1_DL0.umap" 600
"../../../Engine/Content/Maps/Templates/OpenWorld/_Generated_/OpenWorld_MainGrid_L1_X-1_Y-1_DL0.uexp" 601
"../../../Engine/Content/Maps/Templates/OpenWorld/_Generated_/OpenWorld_MainGrid_L1_X-1_Y-1_DL0.ubulk" 602
"../../../Engine/Content/Maps/Templates/OpenWorld/_Generated_/OpenWorld_MainGrid_L1_X-1_Y-1_DL0.umap" 603
"../../../Engine/Content/Maps/Templates/OpenWorld/_Generated_/OpenWorld_MainGrid_L1_X-2_Y0_DL0.uexp" 604
"../../../Engine/Content/Maps/Templates/OpenWorld/_Generated_/OpenWorld_MainGrid_L1_X-2_Y0_DL0.ubulk" 605
"../../../Engine/Content/Maps/Templates/OpenWorld/_Generated_/OpenWorld_MainGrid_L1_X-2_Y0_DL0.umap" 606
"../../../Engine/Content/Maps/Templates/OpenWorld/_Generated_/OpenWorld_MainGrid_L0_X0_Y0_DL0.uexp" 607
"../../../Engine/Content/Maps/Templates/OpenWorld/_Generated_/OpenWorld_MainGrid_L0_X0_Y0_DL0.ubulk" 608
"../../../Engine/Content/Maps/Templates/OpenWorld/_Generated_/OpenWorld_MainGrid_L0_X0_Y0_DL0.umap" 609
