"F:/ViksGame/UE/MashNDash/Content/BluePrints/Car_Controller.uasset" 0
"F:/ViksGame/UE/MashNDash/Content/BluePrints/Car_Controller.uexp" 1
"../../../Engine/Plugins/FX/Niagara/Content/Enums/ENiagaraRandomnessMode.uasset" 2
"../../../Engine/Plugins/FX/Niagara/Content/Enums/ENiagaraRandomnessMode.uexp" 3
"../../../Engine/Plugins/FX/Niagara/Content/Enums/ENiagaraRandomnessEvaluation.uasset" 4
"../../../Engine/Plugins/FX/Niagara/Content/Enums/ENiagaraRandomnessEvaluation.uexp" 5
"../../../Engine/Plugins/FX/Niagara/Content/Functions/V2/CalculateRandomRangeFloat.uasset" 6
"../../../Engine/Plugins/FX/Niagara/Content/Functions/V2/CalculateRandomRangeFloat.uexp" 7
"../../../Engine/Plugins/FX/Niagara/Content/DynamicInputs/UniformRange/V2/RandomRangeFloat.uasset" 8
"../../../Engine/Plugins/FX/Niagara/Content/DynamicInputs/UniformRange/V2/RandomRangeFloat.uexp" 9
"../../../Engine/Plugins/FX/Niagara/Content/Enums/ENiagara_MassInitializationMode.uasset" 10
"../../../Engine/Plugins/FX/Niagara/Content/Enums/ENiagara_MassInitializationMode.uexp" 11
"../../../Engine/Plugins/FX/Niagara/Content/Functions/DirectionAndLengthSafe.uasset" 12
"../../../Engine/Plugins/FX/Niagara/Content/Functions/DirectionAndLengthSafe.uexp" 13
"../../../Engine/Plugins/FX/Niagara/Content/Modules/Update/Size/ScaleSpriteSizeBySpeed.uasset" 14
"../../../Engine/Plugins/FX/Niagara/Content/Modules/Update/Size/ScaleSpriteSizeBySpeed.uexp" 15
"../../../Engine/Plugins/FX/Niagara/Content/Functions/Localspace/TransformBase.uasset" 16
"../../../Engine/Plugins/FX/Niagara/Content/Functions/Localspace/TransformBase.uexp" 17
"../../../Engine/Plugins/FX/Niagara/Content/Functions/Localspace/TransformVector.uasset" 18
"../../../Engine/Plugins/FX/Niagara/Content/Functions/Localspace/TransformVector.uexp" 19
"../../../Engine/Plugins/FX/Niagara/Content/Modules/Update/Forces/GravityForce.uasset" 20
"../../../Engine/Plugins/FX/Niagara/Content/Modules/Update/Forces/GravityForce.uexp" 21
"../../../Engine/Plugins/FX/Niagara/Content/Enums/ENiagara_PositionInitializationMode.uasset" 22
"../../../Engine/Plugins/FX/Niagara/Content/Enums/ENiagara_PositionInitializationMode.uexp" 23
"../../../Engine/Plugins/FX/Niagara/Content/Icons/Modules/T_Icon_Solver_LimitSpeed.uasset" 24
"../../../Engine/Plugins/FX/Niagara/Content/Icons/Modules/T_Icon_Solver_LimitSpeed.uexp" 25
"../../../Engine/Plugins/FX/Niagara/Content/Functions/Rotation/MultiplyQuaternion.uasset" 26
"../../../Engine/Plugins/FX/Niagara/Content/Functions/Rotation/MultiplyQuaternion.uexp" 27
"../../../Engine/Plugins/FX/Niagara/Content/Functions/Rotation/AxisAngleToQuaternion.uasset" 28
"../../../Engine/Plugins/FX/Niagara/Content/Functions/Rotation/AxisAngleToQuaternion.uexp" 29
"../../../Engine/Plugins/FX/Niagara/Content/Modules/Solvers/ApplyRotationVector.uasset" 30
"../../../Engine/Plugins/FX/Niagara/Content/Modules/Solvers/ApplyRotationVector.uexp" 31
"../../../Engine/Plugins/FX/Niagara/Content/Icons/Modules/T_Icon_Solver_RotationalSolve.uasset" 32
"../../../Engine/Plugins/FX/Niagara/Content/Icons/Modules/T_Icon_Solver_RotationalSolve.uexp" 33
"../../../Engine/Plugins/FX/Niagara/Content/Icons/Modules/T_Icon_Solver_LimitAccel.uasset" 34
"../../../Engine/Plugins/FX/Niagara/Content/Icons/Modules/T_Icon_Solver_LimitAccel.uexp" 35
"../../../Engine/Plugins/FX/Niagara/Content/Modules/Solvers/SolveForcesAndVelocity.uasset" 36
"../../../Engine/Plugins/FX/Niagara/Content/Modules/Solvers/SolveForcesAndVelocity.uexp" 37
"../../../Engine/Plugins/FX/Niagara/Content/Modules/Update/Forces/Drag.uasset" 38
"../../../Engine/Plugins/FX/Niagara/Content/Modules/Update/Forces/Drag.uexp" 39
"../../../Engine/Plugins/FX/Niagara/Content/Enums/ENiagaraScaleColorMode.uasset" 40
"../../../Engine/Plugins/FX/Niagara/Content/Enums/ENiagaraScaleColorMode.uexp" 41
"../../../Engine/Plugins/FX/Niagara/Content/Modules/Update/Color/ScaleColor.uasset" 42
"../../../Engine/Plugins/FX/Niagara/Content/Modules/Update/Color/ScaleColor.uexp" 43
"../../../Engine/Plugins/FX/Niagara/Content/Enums/ENiagara_SizeScaleMode.uasset" 44
"../../../Engine/Plugins/FX/Niagara/Content/Enums/ENiagara_SizeScaleMode.uexp" 45
"../../../Engine/Plugins/FX/Niagara/Content/Enums/ENiagara_UVFlippingMode.uasset" 46
"../../../Engine/Plugins/FX/Niagara/Content/Enums/ENiagara_UVFlippingMode.uexp" 47
"F:/ViksGame/UE/MashNDash/Content/Textures/Flames.ubulk" 48
"F:/ViksGame/UE/MashNDash/Content/Textures/Flames.uasset" 49
"F:/ViksGame/UE/MashNDash/Content/Textures/Flames.uexp" 50
"F:/ViksGame/UE/MashNDash/Content/Materials/M_Flame.uasset" 51
"F:/ViksGame/UE/MashNDash/Content/Materials/M_Flame.uexp" 52
"../../../Engine/Plugins/FX/Niagara/Content/Functions/Localspace/SimulationPosition.uasset" 53
"../../../Engine/Plugins/FX/Niagara/Content/Functions/Localspace/SimulationPosition.uexp" 54
"../../../Engine/Plugins/FX/Niagara/Content/Functions/V2/CalculateRandomRangeInteger.uasset" 55
"../../../Engine/Plugins/FX/Niagara/Content/Functions/V2/CalculateRandomRangeInteger.uexp" 56
"../../../Engine/Plugins/FX/Niagara/Content/Enums/Ribbons/ENiagara_UnsetDirectSetRandom.uasset" 57
"../../../Engine/Plugins/FX/Niagara/Content/Enums/Ribbons/ENiagara_UnsetDirectSetRandom.uexp" 58
"../../../Engine/Plugins/FX/Niagara/Content/Enums/ENiagara_LifetimeMode.uasset" 59
"../../../Engine/Plugins/FX/Niagara/Content/Enums/ENiagara_LifetimeMode.uexp" 60
"../../../Engine/Plugins/FX/Niagara/Content/Functions/V2/CalculateRandomRange.uasset" 61
"../../../Engine/Plugins/FX/Niagara/Content/Functions/V2/CalculateRandomRange.uexp" 62
"../../../Engine/Plugins/FX/Niagara/Content/Functions/V2/CalculateRandomBool.uasset" 63
"../../../Engine/Plugins/FX/Niagara/Content/Functions/V2/CalculateRandomBool.uexp" 64
"../../../Engine/Plugins/FX/Niagara/Content/Enums/Ribbons/ENiagara_UnsetDirectSet.uasset" 65
"../../../Engine/Plugins/FX/Niagara/Content/Enums/Ribbons/ENiagara_UnsetDirectSet.uexp" 66
"../../../Engine/Plugins/FX/Niagara/Content/Enums/ENiagara_SpriteRotationMode.uasset" 67
"../../../Engine/Plugins/FX/Niagara/Content/Enums/ENiagara_SpriteRotationMode.uexp" 68
"../../../Engine/Plugins/FX/Niagara/Content/Enums/ENiagara_ColorInitializationMode.uasset" 69
"../../../Engine/Plugins/FX/Niagara/Content/Enums/ENiagara_ColorInitializationMode.uexp" 70
"../../../Engine/Plugins/FX/Niagara/Content/Functions/LinearColor/HueShiftLinearColor.uasset" 71
"../../../Engine/Plugins/FX/Niagara/Content/Functions/LinearColor/HueShiftLinearColor.uexp" 72
"../../../Engine/Plugins/FX/Niagara/Content/Enums/ENiagaraChannelCorrelation.uasset" 73
"../../../Engine/Plugins/FX/Niagara/Content/Enums/ENiagaraChannelCorrelation.uexp" 74
"../../../Engine/Plugins/FX/Niagara/Content/Modules/Spawn/Initialization/V2/InitializeParticle.uasset" 75
"../../../Engine/Plugins/FX/Niagara/Content/Modules/Spawn/Initialization/V2/InitializeParticle.uexp" 76
"../../../Engine/Plugins/FX/Niagara/Content/Functions/Math/SaturateFloat.uasset" 77
"../../../Engine/Plugins/FX/Niagara/Content/Functions/Math/SaturateFloat.uexp" 78
"../../../Engine/Plugins/FX/Niagara/Content/Functions/Rotation/XYZRotationToQuaternion.uasset" 79
"../../../Engine/Plugins/FX/Niagara/Content/Functions/Rotation/XYZRotationToQuaternion.uexp" 80
"../../../Engine/Plugins/FX/Niagara/Content/Functions/Rotation/MultiplyVectorWithQuaternion.uasset" 81
"../../../Engine/Plugins/FX/Niagara/Content/Functions/Rotation/MultiplyVectorWithQuaternion.uexp" 82
"../../../Engine/Plugins/FX/Niagara/Content/Functions/Rotation/FindQuatBetween.uasset" 83
"../../../Engine/Plugins/FX/Niagara/Content/Functions/Rotation/FindQuatBetween.uexp" 84
"../../../Engine/Plugins/FX/Niagara/Content/Functions/V2/CalculateRandomUnitVector.uasset" 85
"../../../Engine/Plugins/FX/Niagara/Content/Functions/V2/CalculateRandomUnitVector.uexp" 86
"../../../Engine/Plugins/FX/Niagara/Content/Enums/Angles/ENiagara_AngleInput.uasset" 87
"../../../Engine/Plugins/FX/Niagara/Content/Enums/Angles/ENiagara_AngleInput.uexp" 88
"../../../Engine/Plugins/FX/Niagara/Content/Functions/Rotation/AngleUnitConverter.uasset" 89
"../../../Engine/Plugins/FX/Niagara/Content/Functions/Rotation/AngleUnitConverter.uexp" 90
"../../../Engine/Plugins/FX/Niagara/Content/Enums/Utility/ENiagara_VelocityMode.uasset" 91
"../../../Engine/Plugins/FX/Niagara/Content/Enums/Utility/ENiagara_VelocityMode.uexp" 92
"../../../Engine/Plugins/FX/Niagara/Content/Functions/Rotation/InvertQuaternion.uasset" 93
"../../../Engine/Plugins/FX/Niagara/Content/Functions/Rotation/InvertQuaternion.uexp" 94
"../../../Engine/Plugins/FX/Niagara/Content/Functions/Rotation/MatrixToQuaternion.uasset" 95
"../../../Engine/Plugins/FX/Niagara/Content/Functions/Rotation/MatrixToQuaternion.uexp" 96
"../../../Engine/Plugins/FX/Niagara/Content/Functions/Rotation/MakeQuaternionFrom3BasisVectors.uasset" 97
"../../../Engine/Plugins/FX/Niagara/Content/Functions/Rotation/MakeQuaternionFrom3BasisVectors.uexp" 98
"../../../Engine/Plugins/FX/Niagara/Content/Enums/Transforms/ENiagara_RotationMode.uasset" 99
"../../../Engine/Plugins/FX/Niagara/Content/Enums/Transforms/ENiagara_RotationMode.uexp" 100
"../../../Engine/Plugins/FX/Niagara/Content/Functions/Rotation/TransformStack/TransformStack_Rotation.uasset" 101
"../../../Engine/Plugins/FX/Niagara/Content/Functions/Rotation/TransformStack/TransformStack_Rotation.uexp" 102
"../../../Engine/Plugins/FX/Niagara/Content/Functions/GetRandomInfo.uasset" 103
"../../../Engine/Plugins/FX/Niagara/Content/Functions/GetRandomInfo.uexp" 104
"../../../Engine/Plugins/FX/Niagara/Content/Functions/RandomRangeFloat.uasset" 105
"../../../Engine/Plugins/FX/Niagara/Content/Functions/RandomRangeFloat.uexp" 106
"../../../Engine/Plugins/FX/Niagara/Content/Functions/Math/CalculateRandomPointInConeSphereIntersection.uasset" 107
"../../../Engine/Plugins/FX/Niagara/Content/Functions/Math/CalculateRandomPointInConeSphereIntersection.uexp" 108
"../../../Engine/Plugins/FX/Niagara/Content/Functions/NormalizeDistanceRange.uasset" 109
"../../../Engine/Plugins/FX/Niagara/Content/Functions/NormalizeDistanceRange.uexp" 110
"../../../Engine/Plugins/FX/Niagara/Content/Functions/DistanceBasedFalloff.uasset" 111
"../../../Engine/Plugins/FX/Niagara/Content/Functions/DistanceBasedFalloff.uexp" 112
"../../../Engine/Plugins/FX/Niagara/Content/Modules/Spawn/Velocity/AddVelocity.uasset" 113
"../../../Engine/Plugins/FX/Niagara/Content/Modules/Spawn/Velocity/AddVelocity.uexp" 114
"../../../Engine/Plugins/FX/Niagara/Content/Enums/ENiagaraEmitterLifeCycleMode.uasset" 115
"../../../Engine/Plugins/FX/Niagara/Content/Enums/ENiagaraEmitterLifeCycleMode.uexp" 116
"../../../Engine/Plugins/FX/Niagara/Content/Functions/Emitter/EmitterChangeState.uasset" 117
"../../../Engine/Plugins/FX/Niagara/Content/Functions/Emitter/EmitterChangeState.uexp" 118
"../../../Engine/Plugins/FX/Niagara/Content/Enums/ENiagara_InfiniteLoopDuration.uasset" 119
"../../../Engine/Plugins/FX/Niagara/Content/Enums/ENiagara_InfiniteLoopDuration.uexp" 120
"../../../Engine/Plugins/FX/Niagara/Content/Enums/ENiagara_EmitterStateOptions.uasset" 121
"../../../Engine/Plugins/FX/Niagara/Content/Enums/ENiagara_EmitterStateOptions.uexp" 122
"../../../Engine/Plugins/FX/Niagara/Content/Enums/ENiagaraInactiveMode.uasset" 123
"../../../Engine/Plugins/FX/Niagara/Content/Enums/ENiagaraInactiveMode.uexp" 124
"../../../Engine/Plugins/FX/Niagara/Content/Enums/ENiagaraExecutionStateManagement.uasset" 125
"../../../Engine/Plugins/FX/Niagara/Content/Enums/ENiagaraExecutionStateManagement.uexp" 126
"../../../Engine/Plugins/FX/Niagara/Content/Enums/ENiagaraEmitterScalabilityMode_Limited.uasset" 127
"../../../Engine/Plugins/FX/Niagara/Content/Enums/ENiagaraEmitterScalabilityMode_Limited.uexp" 128
"../../../Engine/Plugins/FX/Niagara/Content/Modules/Emitter/EmitterState.uasset" 129
"../../../Engine/Plugins/FX/Niagara/Content/Modules/Emitter/EmitterState.uexp" 130
"../../../Engine/Plugins/FX/Niagara/Content/Modules/Emitter/SpawnBurst_Instantaneous.uasset" 131
"../../../Engine/Plugins/FX/Niagara/Content/Modules/Emitter/SpawnBurst_Instantaneous.uexp" 132
"../../../Engine/Plugins/FX/Niagara/Content/Enums/ENiagaraSystemInactiveMode.uasset" 133
"../../../Engine/Plugins/FX/Niagara/Content/Enums/ENiagaraSystemInactiveMode.uexp" 134
"../../../Engine/Plugins/FX/Niagara/Content/Functions/System/SystemChangeState.uasset" 135
"../../../Engine/Plugins/FX/Niagara/Content/Functions/System/SystemChangeState.uexp" 136
"../../../Engine/Plugins/FX/Niagara/Content/Modules/System/SystemState.uasset" 137
"../../../Engine/Plugins/FX/Niagara/Content/Modules/System/SystemState.uexp" 138
"../../../Engine/Plugins/FX/Niagara/Content/DynamicInputs/ValueFromCurve/FloatFromCurve.uasset" 139
"../../../Engine/Plugins/FX/Niagara/Content/DynamicInputs/ValueFromCurve/FloatFromCurve.uexp" 140
"../../../Engine/Plugins/FX/Niagara/Content/Icons/Modules/T_Icon_Particle_InfiniteLife.uasset" 141
"../../../Engine/Plugins/FX/Niagara/Content/Icons/Modules/T_Icon_Particle_InfiniteLife.uexp" 142
"../../../Engine/Plugins/FX/Niagara/Content/Modules/Update/Lifetime/ParticleState.uasset" 143
"../../../Engine/Plugins/FX/Niagara/Content/Modules/Update/Lifetime/ParticleState.uexp" 144
"F:/ViksGame/UE/MashNDash/Content/BluePrints/NS_Fire.uasset" 145
"F:/ViksGame/UE/MashNDash/Content/BluePrints/NS_Fire.uexp" 146
"F:/ViksGame/UE/MashNDash/Content/Materials/M_Wheel.uasset" 147
"F:/ViksGame/UE/MashNDash/Content/Materials/M_Wheel.uexp" 148
"F:/ViksGame/UE/MashNDash/Content/Model/Wheel_1.uasset" 149
"F:/ViksGame/UE/MashNDash/Content/Model/Wheel_1.uexp" 150
"F:/ViksGame/UE/MashNDash/Content/BluePrints/STRC_PlayerScores_2.uasset" 151
"F:/ViksGame/UE/MashNDash/Content/BluePrints/STRC_PlayerScores_2.uexp" 152
"F:/ViksGame/UE/MashNDash/Content/Model/T_Logos.ubulk" 153
"F:/ViksGame/UE/MashNDash/Content/Model/T_Logos.uasset" 154
"F:/ViksGame/UE/MashNDash/Content/Model/T_Logos.uexp" 155
"F:/ViksGame/UE/MashNDash/Content/Materials/M_CarLogos.uasset" 156
"F:/ViksGame/UE/MashNDash/Content/Materials/M_CarLogos.uexp" 157
"F:/ViksGame/UE/MashNDash/Content/Materials/M_CarBody.uasset" 158
"F:/ViksGame/UE/MashNDash/Content/Materials/M_CarBody.uexp" 159
"F:/ViksGame/UE/MashNDash/Content/Materials/M_CarBody_2.uasset" 160
"F:/ViksGame/UE/MashNDash/Content/Materials/M_CarBody_2.uexp" 161
"F:/ViksGame/UE/MashNDash/Content/Materials/M_CarBody_3.uasset" 162
"F:/ViksGame/UE/MashNDash/Content/Materials/M_CarBody_3.uexp" 163
"F:/ViksGame/UE/MashNDash/Content/Model/Car_Body.uasset" 164
"F:/ViksGame/UE/MashNDash/Content/Model/Car_Body.uexp" 165
"F:/ViksGame/UE/MashNDash/Content/Textures/UI_DefaultButtonPressed.ubulk" 166
"F:/ViksGame/UE/MashNDash/Content/Textures/UI_DefaultButtonPressed.uasset" 167
"F:/ViksGame/UE/MashNDash/Content/Textures/UI_DefaultButtonPressed.uexp" 168
"F:/ViksGame/UE/MashNDash/Content/Textures/UI_DefaultButton.ubulk" 169
"F:/ViksGame/UE/MashNDash/Content/Textures/UI_DefaultButton.uasset" 170
"F:/ViksGame/UE/MashNDash/Content/Textures/UI_DefaultButton.uexp" 171
"F:/ViksGame/UE/MashNDash/Content/Textures/Button_NotPress_Mash.ubulk" 172
"F:/ViksGame/UE/MashNDash/Content/Textures/Button_NotPress_Mash.uasset" 173
"F:/ViksGame/UE/MashNDash/Content/Textures/Button_NotPress_Mash.uexp" 174
"F:/ViksGame/UE/MashNDash/Content/Textures/Button_Press_Mash.ubulk" 175
"F:/ViksGame/UE/MashNDash/Content/Textures/Button_Press_Mash.uasset" 176
"F:/ViksGame/UE/MashNDash/Content/Textures/Button_Press_Mash.uexp" 177
"F:/ViksGame/UE/MashNDash/Content/Model/T_Logos_UI.ubulk" 178
"F:/ViksGame/UE/MashNDash/Content/Model/T_Logos_UI.uasset" 179
"F:/ViksGame/UE/MashNDash/Content/Model/T_Logos_UI.uexp" 180
"F:/ViksGame/UE/MashNDash/Content/BluePrints/BPW_ScoreBoard.uasset" 181
"F:/ViksGame/UE/MashNDash/Content/BluePrints/BPW_ScoreBoard.uexp" 182
"../../../Engine/Content/EditorBlueprintResources/StandardMacros.uasset" 183
"../../../Engine/Content/EditorBlueprintResources/StandardMacros.uexp" 184
"F:/ViksGame/UE/MashNDash/Content/BluePrints/BPW_Finish_2.uasset" 185
"F:/ViksGame/UE/MashNDash/Content/BluePrints/BPW_Finish_2.uexp" 186
"F:/ViksGame/UE/MashNDash/Content/BluePrints/BPW_Mash.uasset" 187
"F:/ViksGame/UE/MashNDash/Content/BluePrints/BPW_Mash.uexp" 188
"F:/ViksGame/UE/MashNDash/Content/Textures/Flames2.ubulk" 189
"F:/ViksGame/UE/MashNDash/Content/Textures/Flames2.uasset" 190
"F:/ViksGame/UE/MashNDash/Content/Textures/Flames2.uexp" 191
"F:/ViksGame/UE/MashNDash/Content/Materials/M_Flame_2.uasset" 192
"F:/ViksGame/UE/MashNDash/Content/Materials/M_Flame_2.uexp" 193
"F:/ViksGame/UE/MashNDash/Content/BluePrints/NS_FireStatic.uasset" 194
"F:/ViksGame/UE/MashNDash/Content/BluePrints/NS_FireStatic.uexp" 195
"F:/ViksGame/UE/MashNDash/Content/BluePrints/BP_Car_Player_2.uasset" 196
"F:/ViksGame/UE/MashNDash/Content/BluePrints/BP_Car_Player_2.uexp" 197
"F:/ViksGame/UE/MashNDash/Content/BluePrints/BP_GameMode_Car.uasset" 198
"F:/ViksGame/UE/MashNDash/Content/BluePrints/BP_GameMode_Car.uexp" 199
"../../../Engine/Plugins/Runtime/HairStrands/Content/Materials/HairMeshesDefaultMaterial.uasset" 200
"../../../Engine/Plugins/Runtime/HairStrands/Content/Materials/HairMeshesDefaultMaterial.uexp" 201
"../../../Engine/Plugins/Runtime/HairStrands/Content/Materials/HairDefaultMaterial.uasset" 202
"../../../Engine/Plugins/Runtime/HairStrands/Content/Materials/HairDefaultMaterial.uexp" 203
"../../../Engine/Plugins/Runtime/HairStrands/Content/Materials/HairGroupColors.uasset" 204
"../../../Engine/Plugins/Runtime/HairStrands/Content/Materials/HairGroupColors.uexp" 205
"../../../Engine/Content/Functions/Engine_MaterialFunctions02/Utility/MakeFloat2.uasset" 206
"../../../Engine/Content/Functions/Engine_MaterialFunctions02/Utility/MakeFloat2.uexp" 207
"../../../Engine/Content/Functions/Engine_MaterialFunctions02/Utility/MakeFloat3.uasset" 208
"../../../Engine/Content/Functions/Engine_MaterialFunctions02/Utility/MakeFloat3.uexp" 209
"../../../Engine/Content/EngineMaterials/HairColorMap.uasset" 210
"../../../Engine/Content/EngineMaterials/HairColorMap.uexp" 211
"../../../Engine/Content/EngineMaterials/HairDebugColor.uasset" 212
"../../../Engine/Content/EngineMaterials/HairDebugColor.uexp" 213
"../../../Engine/Plugins/Runtime/HairStrands/Content/Materials/HairDebugMaterial.uasset" 214
"../../../Engine/Plugins/Runtime/HairStrands/Content/Materials/HairDebugMaterial.uexp" 215
"../../../Engine/Plugins/Runtime/HairStrands/Content/Materials/HairCardsDefaultMaterial.uasset" 216
"../../../Engine/Plugins/Runtime/HairStrands/Content/Materials/HairCardsDefaultMaterial.uexp" 217
"../../../Engine/Plugins/Editor/SpeedTreeImporter/Content/SpeedTree9/game_wind_noise.ubulk" 218
"../../../Engine/Plugins/Editor/SpeedTreeImporter/Content/SpeedTree9/game_wind_noise.uasset" 219
"../../../Engine/Plugins/Editor/SpeedTreeImporter/Content/SpeedTree9/game_wind_noise.uexp" 220
"../../../Engine/Plugins/Editor/SpeedTreeImporter/Content/SpeedTree9/UnpackDirection.uasset" 221
"../../../Engine/Plugins/Editor/SpeedTreeImporter/Content/SpeedTree9/UnpackDirection.uexp" 222
"../../../Engine/Content/Functions/Engine_MaterialFunctions02/ObjectLocalBounds.uasset" 223
"../../../Engine/Content/Functions/Engine_MaterialFunctions02/ObjectLocalBounds.uexp" 224
"../../../Engine/Content/Functions/Engine_MaterialFunctions02/Utility/BreakOutFloat3Components.uasset" 225
"../../../Engine/Content/Functions/Engine_MaterialFunctions02/Utility/BreakOutFloat3Components.uexp" 226
"../../../Engine/Content/Functions/Engine_MaterialFunctions02/UVs/BoundingBoxBased_0-1_UVW.uasset" 227
"../../../Engine/Content/Functions/Engine_MaterialFunctions02/UVs/BoundingBoxBased_0-1_UVW.uexp" 228
"../../../Engine/Content/Functions/Engine_MaterialFunctions02/Utility/VectorLength.uasset" 229
"../../../Engine/Content/Functions/Engine_MaterialFunctions02/Utility/VectorLength.uexp" 230
"../../../Engine/Plugins/Editor/SpeedTreeImporter/Content/SpeedTree9/UnpackInteger3.uasset" 231
"../../../Engine/Plugins/Editor/SpeedTreeImporter/Content/SpeedTree9/UnpackInteger3.uexp" 232
"../../../Engine/Plugins/Editor/SpeedTreeImporter/Content/SpeedTree9/SpeedTreeCameraFacing.uasset" 233
"../../../Engine/Plugins/Editor/SpeedTreeImporter/Content/SpeedTree9/SpeedTreeCameraFacing.uexp" 234
"../../../Engine/Content/Functions/Engine_MaterialFunctions02/WorldPositionOffset/ObjectScale.uasset" 235
"../../../Engine/Content/Functions/Engine_MaterialFunctions02/WorldPositionOffset/ObjectScale.uexp" 236
"../../../Engine/Content/Functions/Engine_MaterialFunctions02/SafeNormalize.uasset" 237
"../../../Engine/Content/Functions/Engine_MaterialFunctions02/SafeNormalize.uexp" 238
"../../../Engine/Plugins/Editor/SpeedTreeImporter/Content/SpeedTree9/SpeedTreeWindMotion.uasset" 239
"../../../Engine/Plugins/Editor/SpeedTreeImporter/Content/SpeedTree9/SpeedTreeWindMotion.uexp" 240
"../../../Engine/Plugins/Editor/SpeedTreeImporter/Content/SpeedTree9/SpeedTreeBranchMotion.uasset" 241
"../../../Engine/Plugins/Editor/SpeedTreeImporter/Content/SpeedTree9/SpeedTreeBranchMotion.uexp" 242
"../../../Engine/Plugins/Editor/SpeedTreeImporter/Content/SpeedTree9/SpeedTreeWind.uasset" 243
"../../../Engine/Plugins/Editor/SpeedTreeImporter/Content/SpeedTree9/SpeedTreeWind.uexp" 244
"../../../Engine/Plugins/Editor/SpeedTreeImporter/Content/SpeedTree9/EmptyNormal.uasset" 245
"../../../Engine/Plugins/Editor/SpeedTreeImporter/Content/SpeedTree9/EmptyNormal.uexp" 246
"../../../Engine/Plugins/Editor/SpeedTreeImporter/Content/SpeedTree9/Empty.uasset" 247
"../../../Engine/Plugins/Editor/SpeedTreeImporter/Content/SpeedTree9/Empty.uexp" 248
"../../../Engine/Plugins/Editor/SpeedTreeImporter/Content/SpeedTree9/SpeedTreeMaster.uasset" 249
"../../../Engine/Plugins/Editor/SpeedTreeImporter/Content/SpeedTree9/SpeedTreeMaster.uexp" 250
"../../../Engine/Plugins/Editor/SpeedTreeImporter/Content/SpeedTree9/SpeedTreeBillboard.uasset" 251
"../../../Engine/Plugins/Editor/SpeedTreeImporter/Content/SpeedTree9/SpeedTreeBillboard.uexp" 252
"../../../Engine/Plugins/Editor/SpeedTreeImporter/Content/SpeedTree9/SpeedTreeBillboardMaster.uasset" 253
"../../../Engine/Plugins/Editor/SpeedTreeImporter/Content/SpeedTree9/SpeedTreeBillboardMaster.uexp" 254
"../../../Engine/Content/Functions/Engine_MaterialFunctions02/WorldPositionOffset/CameraOffset.uasset" 255
"../../../Engine/Content/Functions/Engine_MaterialFunctions02/WorldPositionOffset/CameraOffset.uexp" 256
"../../../Engine/Plugins/Animation/ControlRig/Content/M_Manip.uasset" 257
"../../../Engine/Plugins/Animation/ControlRig/Content/M_Manip.uexp" 258
"../../../Engine/Plugins/Animation/ControlRig/Content/Controls/DefaultGizmoLibraryNormalized.uasset" 259
"../../../Engine/Plugins/Animation/ControlRig/Content/Controls/DefaultGizmoLibraryNormalized.uexp" 260
"../../../Engine/Content/EngineMaterials/T_Default_Material_Grid_M.ubulk" 261
"../../../Engine/Content/EngineMaterials/T_Default_Material_Grid_M.uasset" 262
"../../../Engine/Content/EngineMaterials/T_Default_Material_Grid_M.uexp" 263
"../../../Engine/Content/EngineMaterials/T_Default_Material_Grid_N.ubulk" 264
"../../../Engine/Content/EngineMaterials/T_Default_Material_Grid_N.uasset" 265
"../../../Engine/Content/EngineMaterials/T_Default_Material_Grid_N.uexp" 266
"../../../Engine/Content/Functions/Engine_MaterialFunctions01/Opacity/CameraDepthFade.uasset" 267
"../../../Engine/Content/Functions/Engine_MaterialFunctions01/Opacity/CameraDepthFade.uexp" 268
"../../../Engine/Content/EngineMaterials/WorldGridMaterial.uasset" 269
"../../../Engine/Content/EngineMaterials/WorldGridMaterial.uexp" 270
"../../../Engine/Plugins/Animation/ControlRig/Content/Controls/ControlRig_Wedge_solid.uasset" 271
"../../../Engine/Plugins/Animation/ControlRig/Content/Controls/ControlRig_Wedge_solid.uexp" 272
"../../../Engine/Plugins/Animation/ControlRig/Content/Controls/ControlRig_Wedge_3mm.uasset" 273
"../../../Engine/Plugins/Animation/ControlRig/Content/Controls/ControlRig_Wedge_3mm.uexp" 274
"../../../Engine/Plugins/Animation/ControlRig/Content/Controls/ControlRig_Wedge_1mm.uasset" 275
"../../../Engine/Plugins/Animation/ControlRig/Content/Controls/ControlRig_Wedge_1mm.uexp" 276
"../../../Engine/Plugins/Animation/ControlRig/Content/Controls/ControlRig_Triangle_solid.uasset" 277
"../../../Engine/Plugins/Animation/ControlRig/Content/Controls/ControlRig_Triangle_solid.uexp" 278
"../../../Engine/Plugins/Animation/ControlRig/Content/Controls/ControlRig_Triangle_3mm.uasset" 279
"../../../Engine/Plugins/Animation/ControlRig/Content/Controls/ControlRig_Triangle_3mm.uexp" 280
"../../../Engine/Plugins/Animation/ControlRig/Content/Controls/ControlRig_Triangle_1mm.uasset" 281
"../../../Engine/Plugins/Animation/ControlRig/Content/Controls/ControlRig_Triangle_1mm.uexp" 282
"../../../Engine/Plugins/Animation/ControlRig/Content/Controls/ControlRig_Star4_solid.uasset" 283
"../../../Engine/Plugins/Animation/ControlRig/Content/Controls/ControlRig_Star4_solid.uexp" 284
"../../../Engine/Plugins/Animation/ControlRig/Content/Controls/ControlRig_Star4_3mm.uasset" 285
"../../../Engine/Plugins/Animation/ControlRig/Content/Controls/ControlRig_Star4_3mm.uexp" 286
"../../../Engine/Plugins/Animation/ControlRig/Content/Controls/ControlRig_Star4_1mm.uasset" 287
"../../../Engine/Plugins/Animation/ControlRig/Content/Controls/ControlRig_Star4_1mm.uexp" 288
"../../../Engine/Plugins/Animation/ControlRig/Content/Controls/ControlRig_Square_solid.uasset" 289
"../../../Engine/Plugins/Animation/ControlRig/Content/Controls/ControlRig_Square_solid.uexp" 290
"../../../Engine/Plugins/Animation/ControlRig/Content/Controls/ControlRig_Square_3mm.uasset" 291
"../../../Engine/Plugins/Animation/ControlRig/Content/Controls/ControlRig_Square_3mm.uexp" 292
"../../../Engine/Plugins/Animation/ControlRig/Content/Controls/ControlRig_Square_1mm.uasset" 293
"../../../Engine/Plugins/Animation/ControlRig/Content/Controls/ControlRig_Square_1mm.uexp" 294
"../../../Engine/Plugins/Animation/ControlRig/Content/Controls/ControlRig_Sphere_solid.uasset" 295
"../../../Engine/Plugins/Animation/ControlRig/Content/Controls/ControlRig_Sphere_solid.uexp" 296
"../../../Engine/Plugins/Animation/ControlRig/Content/Controls/ControlRig_Sphere_3mm.uasset" 297
"../../../Engine/Plugins/Animation/ControlRig/Content/Controls/ControlRig_Sphere_3mm.uexp" 298
"../../../Engine/Plugins/Animation/ControlRig/Content/Controls/ControlRig_Sphere_1mm.uasset" 299
"../../../Engine/Plugins/Animation/ControlRig/Content/Controls/ControlRig_Sphere_1mm.uexp" 300
"../../../Engine/Plugins/Animation/ControlRig/Content/Controls/ControlRig_RoundedTriangle_solid.uasset" 301
"../../../Engine/Plugins/Animation/ControlRig/Content/Controls/ControlRig_RoundedTriangle_solid.uexp" 302
"../../../Engine/Plugins/Animation/ControlRig/Content/Controls/ControlRig_RoundedTriangle_3mm.uasset" 303
"../../../Engine/Plugins/Animation/ControlRig/Content/Controls/ControlRig_RoundedTriangle_3mm.uexp" 304
"../../../Engine/Plugins/Animation/ControlRig/Content/Controls/ControlRig_RoundedTriangle_1mm.uasset" 305
"../../../Engine/Plugins/Animation/ControlRig/Content/Controls/ControlRig_RoundedTriangle_1mm.uexp" 306
"../../../Engine/Plugins/Animation/ControlRig/Content/Controls/ControlRig_RoundedSquare_solid.uasset" 307
"../../../Engine/Plugins/Animation/ControlRig/Content/Controls/ControlRig_RoundedSquare_solid.uexp" 308
"../../../Engine/Plugins/Animation/ControlRig/Content/Controls/ControlRig_RoundedSquare_3mm.uasset" 309
"../../../Engine/Plugins/Animation/ControlRig/Content/Controls/ControlRig_RoundedSquare_3mm.uexp" 310
"../../../Engine/Plugins/Animation/ControlRig/Content/Controls/ControlRig_RoundedSquare_1mm.uasset" 311
"../../../Engine/Plugins/Animation/ControlRig/Content/Controls/ControlRig_RoundedSquare_1mm.uexp" 312
"../../../Engine/Plugins/Animation/ControlRig/Content/Controls/ControlRig_QuarterCircle_solid.uasset" 313
"../../../Engine/Plugins/Animation/ControlRig/Content/Controls/ControlRig_QuarterCircle_solid.uexp" 314
"../../../Engine/Plugins/Animation/ControlRig/Content/Controls/ControlRig_QuarterCircle_3mm.uasset" 315
"../../../Engine/Plugins/Animation/ControlRig/Content/Controls/ControlRig_QuarterCircle_3mm.uexp" 316
"../../../Engine/Plugins/Animation/ControlRig/Content/Controls/ControlRig_QuarterCircle_1mm.uasset" 317
"../../../Engine/Plugins/Animation/ControlRig/Content/Controls/ControlRig_QuarterCircle_1mm.uexp" 318
"../../../Engine/Plugins/Animation/ControlRig/Content/Controls/ControlRig_Pyramid_solid.uasset" 319
"../../../Engine/Plugins/Animation/ControlRig/Content/Controls/ControlRig_Pyramid_solid.uexp" 320
"../../../Engine/Plugins/Animation/ControlRig/Content/Controls/ControlRig_Pyramid_3mm.uasset" 321
"../../../Engine/Plugins/Animation/ControlRig/Content/Controls/ControlRig_Pyramid_3mm.uexp" 322
"../../../Engine/Plugins/Animation/ControlRig/Content/Controls/ControlRig_Pyramid_1mm.uasset" 323
"../../../Engine/Plugins/Animation/ControlRig/Content/Controls/ControlRig_Pyramid_1mm.uexp" 324
"../../../Engine/Plugins/Animation/ControlRig/Content/Controls/ControlRig_Octagon_solid.uasset" 325
"../../../Engine/Plugins/Animation/ControlRig/Content/Controls/ControlRig_Octagon_solid.uexp" 326
"../../../Engine/Plugins/Animation/ControlRig/Content/Controls/ControlRig_Octagon_3mm.uasset" 327
"../../../Engine/Plugins/Animation/ControlRig/Content/Controls/ControlRig_Octagon_3mm.uexp" 328
"../../../Engine/Plugins/Animation/ControlRig/Content/Controls/ControlRig_Octagon_1mm.uasset" 329
"../../../Engine/Plugins/Animation/ControlRig/Content/Controls/ControlRig_Octagon_1mm.uexp" 330
"../../../Engine/Plugins/Animation/ControlRig/Content/Controls/ControlRig_Hexagon_solid.uasset" 331
"../../../Engine/Plugins/Animation/ControlRig/Content/Controls/ControlRig_Hexagon_solid.uexp" 332
"../../../Engine/Plugins/Animation/ControlRig/Content/Controls/ControlRig_Hexagon_3mm.uasset" 333
"../../../Engine/Plugins/Animation/ControlRig/Content/Controls/ControlRig_Hexagon_3mm.uexp" 334
"../../../Engine/Plugins/Animation/ControlRig/Content/Controls/ControlRig_Hexagon_1mm.uasset" 335
"../../../Engine/Plugins/Animation/ControlRig/Content/Controls/ControlRig_Hexagon_1mm.uexp" 336
"../../../Engine/Plugins/Animation/ControlRig/Content/Controls/ControlRig_HalfCircle_solid.uasset" 337
"../../../Engine/Plugins/Animation/ControlRig/Content/Controls/ControlRig_HalfCircle_solid.uexp" 338
"../../../Engine/Plugins/Animation/ControlRig/Content/Controls/ControlRig_HalfCircle_3mm.uasset" 339
"../../../Engine/Plugins/Animation/ControlRig/Content/Controls/ControlRig_HalfCircle_3mm.uexp" 340
"../../../Engine/Plugins/Animation/ControlRig/Content/Controls/ControlRig_HalfCircle_1mm.uasset" 341
"../../../Engine/Plugins/Animation/ControlRig/Content/Controls/ControlRig_HalfCircle_1mm.uexp" 342
"../../../Engine/Plugins/Animation/ControlRig/Content/Controls/ControlRig_Diamond_solid.uasset" 343
"../../../Engine/Plugins/Animation/ControlRig/Content/Controls/ControlRig_Diamond_solid.uexp" 344
"../../../Engine/Plugins/Animation/ControlRig/Content/Controls/ControlRig_Diamond_3mm.uasset" 345
"../../../Engine/Plugins/Animation/ControlRig/Content/Controls/ControlRig_Diamond_3mm.uexp" 346
"../../../Engine/Plugins/Animation/ControlRig/Content/Controls/ControlRig_Diamond_1mm.uasset" 347
"../../../Engine/Plugins/Animation/ControlRig/Content/Controls/ControlRig_Diamond_1mm.uexp" 348
"../../../Engine/Plugins/Animation/ControlRig/Content/Controls/ControlRig_Circle_solid.uasset" 349
"../../../Engine/Plugins/Animation/ControlRig/Content/Controls/ControlRig_Circle_solid.uexp" 350
"../../../Engine/Plugins/Animation/ControlRig/Content/Controls/ControlRig_Circle_3mm.uasset" 351
"../../../Engine/Plugins/Animation/ControlRig/Content/Controls/ControlRig_Circle_3mm.uexp" 352
"../../../Engine/Plugins/Animation/ControlRig/Content/Controls/ControlRig_Circle_1mm.uasset" 353
"../../../Engine/Plugins/Animation/ControlRig/Content/Controls/ControlRig_Circle_1mm.uexp" 354
"../../../Engine/Plugins/Animation/ControlRig/Content/Controls/ControlRig_Box_solid.uasset" 355
"../../../Engine/Plugins/Animation/ControlRig/Content/Controls/ControlRig_Box_solid.uexp" 356
"../../../Engine/Plugins/Animation/ControlRig/Content/Controls/ControlRig_Box_3mm.uasset" 357
"../../../Engine/Plugins/Animation/ControlRig/Content/Controls/ControlRig_Box_3mm.uexp" 358
"../../../Engine/Plugins/Animation/ControlRig/Content/Controls/ControlRig_Box_1mm.uasset" 359
"../../../Engine/Plugins/Animation/ControlRig/Content/Controls/ControlRig_Box_1mm.uexp" 360
"../../../Engine/Plugins/Animation/ControlRig/Content/Controls/ControlRig_Arrow_solid.uasset" 361
"../../../Engine/Plugins/Animation/ControlRig/Content/Controls/ControlRig_Arrow_solid.uexp" 362
"../../../Engine/Plugins/Animation/ControlRig/Content/Controls/ControlRig_Arrow_3mm.uasset" 363
"../../../Engine/Plugins/Animation/ControlRig/Content/Controls/ControlRig_Arrow_3mm.uexp" 364
"../../../Engine/Plugins/Animation/ControlRig/Content/Controls/ControlRig_Arrow_1mm.uasset" 365
"../../../Engine/Plugins/Animation/ControlRig/Content/Controls/ControlRig_Arrow_1mm.uexp" 366
"../../../Engine/Plugins/Animation/ControlRig/Content/Controls/ControlRig_Arrow4_solid.uasset" 367
"../../../Engine/Plugins/Animation/ControlRig/Content/Controls/ControlRig_Arrow4_solid.uexp" 368
"../../../Engine/Plugins/Animation/ControlRig/Content/Controls/ControlRig_Arrow4_3mm.uasset" 369
"../../../Engine/Plugins/Animation/ControlRig/Content/Controls/ControlRig_Arrow4_3mm.uexp" 370
"../../../Engine/Plugins/Animation/ControlRig/Content/Controls/ControlRig_Arrow4_1mm.uasset" 371
"../../../Engine/Plugins/Animation/ControlRig/Content/Controls/ControlRig_Arrow4_1mm.uexp" 372
"../../../Engine/Plugins/Animation/ControlRig/Content/Controls/ControlRig_Arrow2_solid.uasset" 373
"../../../Engine/Plugins/Animation/ControlRig/Content/Controls/ControlRig_Arrow2_solid.uexp" 374
"../../../Engine/Plugins/Animation/ControlRig/Content/Controls/ControlRig_Arrow2_3mm.uasset" 375
"../../../Engine/Plugins/Animation/ControlRig/Content/Controls/ControlRig_Arrow2_3mm.uexp" 376
"../../../Engine/Plugins/Animation/ControlRig/Content/Controls/ControlRig_Arrow2_1mm.uasset" 377
"../../../Engine/Plugins/Animation/ControlRig/Content/Controls/ControlRig_Arrow2_1mm.uexp" 378
"../../../Engine/Plugins/Animation/ControlRig/Content/Controls/ControlRigGizmoMaterial.uasset" 379
"../../../Engine/Plugins/Animation/ControlRig/Content/Controls/ControlRigGizmoMaterial.uexp" 380
"../../../Engine/Plugins/2D/Paper2D/Content/PlaceholderTextures/DummySpriteTexture.ubulk" 381
"../../../Engine/Plugins/2D/Paper2D/Content/PlaceholderTextures/DummySpriteTexture.uasset" 382
"../../../Engine/Plugins/2D/Paper2D/Content/PlaceholderTextures/DummySpriteTexture.uexp" 383
"../../../Engine/Plugins/2D/Paper2D/Content/DefaultSpriteMaterial.uasset" 384
"../../../Engine/Plugins/2D/Paper2D/Content/DefaultSpriteMaterial.uexp" 385
"../../../Engine/Plugins/2D/Paper2D/Content/OpaqueUnlitSpriteMaterial.uasset" 386
"../../../Engine/Plugins/2D/Paper2D/Content/OpaqueUnlitSpriteMaterial.uexp" 387
"../../../Engine/Plugins/2D/Paper2D/Content/MaskedUnlitSpriteMaterial.uasset" 388
"../../../Engine/Plugins/2D/Paper2D/Content/MaskedUnlitSpriteMaterial.uexp" 389
"../../../Engine/Plugins/2D/Paper2D/Content/DummySprite.uasset" 390
"../../../Engine/Plugins/2D/Paper2D/Content/DummySprite.uexp" 391
"../../../Engine/Plugins/2D/Paper2D/Content/DefaultPaperTerrainMaterial.uasset" 392
"../../../Engine/Plugins/2D/Paper2D/Content/DefaultPaperTerrainMaterial.uexp" 393
"../../../Engine/Content/VREditor/TransformGizmo/Main.uasset" 394
"../../../Engine/Content/VREditor/TransformGizmo/Main.uexp" 395
"../../../Engine/Content/VREditor/TransformGizmo/Xray.uasset" 396
"../../../Engine/Content/VREditor/TransformGizmo/Xray.uexp" 397
"../../../Engine/Content/VREditor/TransformGizmo/SM_Sequencer_Node.uasset" 398
"../../../Engine/Content/VREditor/TransformGizmo/SM_Sequencer_Node.uexp" 399
"../../../Engine/Content/VREditor/LaserPointer/VR_LaserPower_01.ubulk" 400
"../../../Engine/Content/VREditor/LaserPointer/VR_LaserPower_01.uasset" 401
"../../../Engine/Content/VREditor/LaserPointer/VR_LaserPower_01.uexp" 402
"../../../Engine/Content/VREditor/TransformGizmo/TransformGizmoMaterial.uasset" 403
"../../../Engine/Content/VREditor/TransformGizmo/TransformGizmoMaterial.uexp" 404
"../../../Engine/Content/VREditor/TransformGizmo/TranslucentTransformGizmoMaterial.uasset" 405
"../../../Engine/Content/VREditor/TransformGizmo/TranslucentTransformGizmoMaterial.uexp" 406
"../../../Engine/Content/VREditor/TransformGizmo/PlaneTranslationHandle.uasset" 407
"../../../Engine/Content/VREditor/TransformGizmo/PlaneTranslationHandle.uexp" 408
"../../../Engine/Content/VREditor/TransformGizmo/BoundingBoxEdge.uasset" 409
"../../../Engine/Content/VREditor/TransformGizmo/BoundingBoxEdge.uexp" 410
"../../../Engine/Content/VREditor/TransformGizmo/BoundingBoxCorner.uasset" 411
"../../../Engine/Content/VREditor/TransformGizmo/BoundingBoxCorner.uexp" 412
"../../../Engine/Content/Tutorial/ContentIntroCurve.uasset" 413
"../../../Engine/Content/Tutorial/ContentIntroCurve.uexp" 414
"../../../Engine/Content/Functions/Engine_MaterialFunctions01/Shading/PowerToRoughness.uasset" 415
"../../../Engine/Content/Functions/Engine_MaterialFunctions01/Shading/PowerToRoughness.uexp" 416
"../../../Engine/Content/Functions/Engine_MaterialFunctions01/Shading/ConvertFromDiffSpec.uasset" 417
"../../../Engine/Content/Functions/Engine_MaterialFunctions01/Shading/ConvertFromDiffSpec.uexp" 418
"../../../Engine/Content/EngineSounds/Master.uasset" 419
"../../../Engine/Content/EngineSounds/Master.uexp" 420
"../../../Engine/Content/EngineSky/VolumetricClouds/CloudWeatherTexture.uasset" 421
"../../../Engine/Content/EngineSky/VolumetricClouds/CloudWeatherTexture.uexp" 422
"../../../Engine/Content/EngineSky/VolumetricClouds/CloudGradientTexture.uasset" 423
"../../../Engine/Content/EngineSky/VolumetricClouds/CloudGradientTexture.uexp" 424
"../../../Engine/Content/EngineSky/VolumetricClouds/T_NoiseShape64.ubulk" 425
"../../../Engine/Content/EngineSky/VolumetricClouds/T_NoiseShape64.uasset" 426
"../../../Engine/Content/EngineSky/VolumetricClouds/T_NoiseShape64.uexp" 427
"../../../Engine/Content/EngineSky/VolumetricClouds/T_VolumeNoiseShape64.uasset" 428
"../../../Engine/Content/EngineSky/VolumetricClouds/T_VolumeNoiseShape64.uexp" 429
"../../../Engine/Content/EngineSky/VolumetricClouds/T_NoiseErosion.ubulk" 430
"../../../Engine/Content/EngineSky/VolumetricClouds/T_NoiseErosion.uasset" 431
"../../../Engine/Content/EngineSky/VolumetricClouds/T_NoiseErosion.uexp" 432
"../../../Engine/Content/EngineSky/VolumetricClouds/T_VolumeNoiseErosion32.uasset" 433
"../../../Engine/Content/EngineSky/VolumetricClouds/T_VolumeNoiseErosion32.uexp" 434
"../../../Engine/Content/EngineSky/VolumetricClouds/m_SimpleVolumetricCloud.uasset" 435
"../../../Engine/Content/EngineSky/VolumetricClouds/m_SimpleVolumetricCloud.uexp" 436
"../../../Engine/Content/EngineSky/VolumetricClouds/m_SimpleVolumetricCloud_Inst.uasset" 437
"../../../Engine/Content/EngineSky/VolumetricClouds/m_SimpleVolumetricCloud_Inst.uexp" 438
"../../../Engine/Content/EngineResources/GradientTexture0.uasset" 439
"../../../Engine/Content/EngineResources/GradientTexture0.uexp" 440
"../../../Engine/Content/EngineResources/DefaultVolumeTexture2D.uasset" 441
"../../../Engine/Content/EngineResources/DefaultVolumeTexture2D.uexp" 442
"../../../Engine/Content/EngineResources/DefaultVolumeTexture.uasset" 443
"../../../Engine/Content/EngineResources/DefaultVolumeTexture.uexp" 444
"../../../Engine/Content/EngineResources/DefaultTextureCube.uasset" 445
"../../../Engine/Content/EngineResources/DefaultTextureCube.uexp" 446
"../../../Engine/Content/EngineResources/DefaultTexture.ubulk" 447
"../../../Engine/Content/EngineResources/DefaultTexture.uasset" 448
"../../../Engine/Content/EngineResources/DefaultTexture.uexp" 449
"../../../Engine/Content/EngineResources/Black.uasset" 450
"../../../Engine/Content/EngineResources/Black.uexp" 451
"../../../Engine/Content/EngineResources/FilmGrains/Marcie_Grain_v3_128_M2_000.uasset" 452
"../../../Engine/Content/EngineResources/FilmGrains/Marcie_Grain_v3_128_M2_000.uexp" 453
"../../../Engine/Content/EngineMeshes/Sphere.uasset" 454
"../../../Engine/Content/EngineMeshes/Sphere.uexp" 455
"../../../Engine/Content/EngineResources/WhiteSquareTexture.uasset" 456
"../../../Engine/Content/EngineResources/WhiteSquareTexture.uexp" 457
"../../../Engine/Content/EngineMaterials/Widget3DPassThrough.uasset" 458
"../../../Engine/Content/EngineMaterials/Widget3DPassThrough.uexp" 459
"../../../Engine/Content/EngineMaterials/Widget3DPassThrough_Translucent.uasset" 460
"../../../Engine/Content/EngineMaterials/Widget3DPassThrough_Translucent.uexp" 461
"../../../Engine/Content/EngineMaterials/Widget3DPassThrough_Translucent_OneSided.uasset" 462
"../../../Engine/Content/EngineMaterials/Widget3DPassThrough_Translucent_OneSided.uexp" 463
"../../../Engine/Content/EngineMaterials/Widget3DPassThrough_Opaque.uasset" 464
"../../../Engine/Content/EngineMaterials/Widget3DPassThrough_Opaque.uexp" 465
"../../../Engine/Content/EngineMaterials/Widget3DPassThrough_Opaque_OneSided.uasset" 466
"../../../Engine/Content/EngineMaterials/Widget3DPassThrough_Opaque_OneSided.uexp" 467
"../../../Engine/Content/EngineMaterials/Widget3DPassThrough_Masked_OneSided.uasset" 468
"../../../Engine/Content/EngineMaterials/Widget3DPassThrough_Masked_OneSided.uexp" 469
"../../../Engine/Content/EngineMaterials/Widget3DPassThrough_Masked.uasset" 470
"../../../Engine/Content/EngineMaterials/Widget3DPassThrough_Masked.uexp" 471
"../../../Engine/Content/EngineMaterials/WeightMapPlaceholderTexture.uasset" 472
"../../../Engine/Content/EngineMaterials/WeightMapPlaceholderTexture.uexp" 473
"../../../Engine/Content/EngineMaterials/RemoveSurfaceMaterial.uasset" 474
"../../../Engine/Content/EngineMaterials/RemoveSurfaceMaterial.uexp" 475
"../../../Engine/Content/EngineMaterials/PreintegratedSkinBRDF.uasset" 476
"../../../Engine/Content/EngineMaterials/PreintegratedSkinBRDF.uexp" 477
"../../../Engine/Content/EngineMaterials/DefaultCalibrationGrayscale.uasset" 478
"../../../Engine/Content/EngineMaterials/DefaultCalibrationGrayscale.uexp" 479
"../../../Engine/Content/EngineMaterials/PPM_DefaultCalibrationGrayscale.uasset" 480
"../../../Engine/Content/EngineMaterials/PPM_DefaultCalibrationGrayscale.uexp" 481
"../../../Engine/Content/EngineMaterials/DefaultCalibrationColor.uasset" 482
"../../../Engine/Content/EngineMaterials/DefaultCalibrationColor.uexp" 483
"../../../Engine/Content/EngineMaterials/PPM_DefaultCalibrationColor.uasset" 484
"../../../Engine/Content/EngineMaterials/PPM_DefaultCalibrationColor.uexp" 485
"../../../Engine/Content/EngineMaterials/PhAT_JointLimitMaterial.uasset" 486
"../../../Engine/Content/EngineMaterials/PhAT_JointLimitMaterial.uexp" 487
"../../../Engine/Content/EngineMaterials/InvalidLightmapSettings.ubulk" 488
"../../../Engine/Content/EngineMaterials/InvalidLightmapSettings.uasset" 489
"../../../Engine/Content/EngineMaterials/InvalidLightmapSettings.uexp" 490
"../../../Engine/Content/EngineMaterials/M_InvalidLightmapSettings.uasset" 491
"../../../Engine/Content/EngineMaterials/M_InvalidLightmapSettings.uexp" 492
"../../../Engine/Content/EngineMaterials/MiniFont.uasset" 493
"../../../Engine/Content/EngineMaterials/MiniFont.uexp" 494
"../../../Engine/Content/EngineMaterials/Good64x64TilingNoiseHighFreq.uasset" 495
"../../../Engine/Content/EngineMaterials/Good64x64TilingNoiseHighFreq.uexp" 496
"../../../Engine/Content/EngineMaterials/GizmoMaterial.uasset" 497
"../../../Engine/Content/EngineMaterials/GizmoMaterial.uexp" 498
"../../../Engine/Content/EngineMaterials/BaseFlattenEmissiveMap_VT.uasset" 499
"../../../Engine/Content/EngineMaterials/BaseFlattenEmissiveMap_VT.uexp" 500
"../../../Engine/Content/EngineMaterials/BaseFlattenGrayscaleMap_VT.uasset" 501
"../../../Engine/Content/EngineMaterials/BaseFlattenGrayscaleMap_VT.uexp" 502
"../../../Engine/Content/EngineMaterials/BaseFlattenLinearColor_VT.uasset" 503
"../../../Engine/Content/EngineMaterials/BaseFlattenLinearColor_VT.uexp" 504
"../../../Engine/Content/EngineMaterials/Black_1x1_EXR_Texture_VT.uasset" 505
"../../../Engine/Content/EngineMaterials/Black_1x1_EXR_Texture_VT.uexp" 506
"../../../Engine/Content/EngineMaterials/BaseFlattenDiffuseMap_VT.uasset" 507
"../../../Engine/Content/EngineMaterials/BaseFlattenDiffuseMap_VT.uexp" 508
"../../../Engine/Content/EngineMaterials/BaseFlattenNormalMap_VT.uasset" 509
"../../../Engine/Content/EngineMaterials/BaseFlattenNormalMap_VT.uexp" 510
"../../../Engine/Content/EngineMaterials/FlattenMaterial_WS_Normal_VT.uasset" 511
"../../../Engine/Content/EngineMaterials/FlattenMaterial_WS_Normal_VT.uexp" 512
"../../../Engine/Content/EngineMaterials/FlattenMaterial_VT.uasset" 513
"../../../Engine/Content/EngineMaterials/FlattenMaterial_VT.uexp" 514
"../../../Engine/Content/EngineMaterials/BaseFlattenNormalMap.uasset" 515
"../../../Engine/Content/EngineMaterials/BaseFlattenNormalMap.uexp" 516
"../../../Engine/Content/EngineMaterials/BaseFlattenGrayscaleMap.uasset" 517
"../../../Engine/Content/EngineMaterials/BaseFlattenGrayscaleMap.uexp" 518
"../../../Engine/Content/EngineMaterials/BaseFlattenDiffuseMap.uasset" 519
"../../../Engine/Content/EngineMaterials/BaseFlattenDiffuseMap.uexp" 520
"../../../Engine/Content/Functions/Engine_MaterialFunctions02/PivotPainter2/Black_1x1_EXR_Texture.uasset" 521
"../../../Engine/Content/Functions/Engine_MaterialFunctions02/PivotPainter2/Black_1x1_EXR_Texture.uexp" 522
"../../../Engine/Content/EngineMaterials/BaseFlattenEmissiveMap.uasset" 523
"../../../Engine/Content/EngineMaterials/BaseFlattenEmissiveMap.uexp" 524
"../../../Engine/Content/EngineMaterials/BaseFlattenLinearColor.uasset" 525
"../../../Engine/Content/EngineMaterials/BaseFlattenLinearColor.uexp" 526
"../../../Engine/Content/EngineMaterials/FlattenMaterial.uasset" 527
"../../../Engine/Content/EngineMaterials/FlattenMaterial.uexp" 528
"../../../Engine/Content/EngineMaterials/DefaultWhiteGrid_Low.uasset" 529
"../../../Engine/Content/EngineMaterials/DefaultWhiteGrid_Low.uexp" 530
"../../../Engine/Content/EngineMaterials/EmissiveMeshMaterial.uasset" 531
"../../../Engine/Content/EngineMaterials/EmissiveMeshMaterial.uexp" 532
"../../../Engine/Content/EngineMaterials/DefaultWhiteGrid.ubulk" 533
"../../../Engine/Content/EngineMaterials/DefaultWhiteGrid.uasset" 534
"../../../Engine/Content/EngineMaterials/DefaultWhiteGrid.uexp" 535
"../../../Engine/Content/EngineFonts/RobotoDistanceField.uasset" 536
"../../../Engine/Content/EngineFonts/RobotoDistanceField.uexp" 537
"../../../Engine/Content/EngineMaterials/DefaultTextMaterialOpaque.uasset" 538
"../../../Engine/Content/EngineMaterials/DefaultTextMaterialOpaque.uexp" 539
"../../../Engine/Content/EngineMaterials/DefaultDiffuse.ubulk" 540
"../../../Engine/Content/EngineMaterials/DefaultDiffuse.uasset" 541
"../../../Engine/Content/EngineMaterials/DefaultDiffuse.uexp" 542
"../../../Engine/Content/Functions/Engine_MaterialFunctions02/Utility/BreakOutFloat2Components.uasset" 543
"../../../Engine/Content/Functions/Engine_MaterialFunctions02/Utility/BreakOutFloat2Components.uexp" 544
"../../../Engine/Content/EngineMaterials/DefaultPostProcessMaterial.uasset" 545
"../../../Engine/Content/EngineMaterials/DefaultPostProcessMaterial.uexp" 546
"../../../Engine/Content/EngineMaterials/DefaultPhysicalMaterial.uasset" 547
"../../../Engine/Content/EngineMaterials/DefaultPhysicalMaterial.uexp" 548
"../../../Engine/Content/EngineMaterials/DefaultLightFunctionMaterial.uasset" 549
"../../../Engine/Content/EngineMaterials/DefaultLightFunctionMaterial.uexp" 550
"../../../Engine/Content/EngineMaterials/DefaultDestructiblePhysicalMaterial.uasset" 551
"../../../Engine/Content/EngineMaterials/DefaultDestructiblePhysicalMaterial.uexp" 552
"../../../Engine/Content/EngineMaterials/DefaultDeferredDecalMaterial.uasset" 553
"../../../Engine/Content/EngineMaterials/DefaultDeferredDecalMaterial.uexp" 554
"../../../Engine/Content/EngineMaterials/DefaultBokeh.uasset" 555
"../../../Engine/Content/EngineMaterials/DefaultBokeh.uexp" 556
"../../../Engine/Content/EngineMaterials/DefaultBloomKernel.uasset" 557
"../../../Engine/Content/EngineMaterials/DefaultBloomKernel.uexp" 558
"../../../Engine/Content/EngineMaterials/BlueNoise.uasset" 559
"../../../Engine/Content/EngineMaterials/BlueNoise.uexp" 560
"../../../Engine/Content/EngineFonts/Faces/RobotoLight.uexp" 561
"../../../Engine/Content/EngineFonts/Faces/RobotoLight.uasset" 562
"../../../Engine/Content/EngineFonts/Faces/RobotoLight.ufont" 563
"../../../Engine/Content/EngineFonts/Faces/RobotoBold.uexp" 564
"../../../Engine/Content/EngineFonts/Faces/RobotoBold.uasset" 565
"../../../Engine/Content/EngineFonts/Faces/RobotoBold.ufont" 566
"../../../Engine/Content/EngineFonts/Faces/RobotoRegular.uexp" 567
"../../../Engine/Content/EngineFonts/Faces/RobotoRegular.uasset" 568
"../../../Engine/Content/EngineFonts/Faces/RobotoRegular.ufont" 569
"../../../Engine/Content/EngineFonts/Faces/DroidSansFallback.uexp" 570
"../../../Engine/Content/EngineFonts/Faces/DroidSansFallback.uasset" 571
"../../../Engine/Content/EngineFonts/Faces/DroidSansFallback.ufont" 572
"../../../Engine/Content/EngineFonts/Faces/RobotoItalic.uexp" 573
"../../../Engine/Content/EngineFonts/Faces/RobotoItalic.uasset" 574
"../../../Engine/Content/EngineFonts/Faces/RobotoItalic.ufont" 575
"../../../Engine/Content/EngineFonts/Faces/RobotoBoldItalic.uexp" 576
"../../../Engine/Content/EngineFonts/Faces/RobotoBoldItalic.uasset" 577
"../../../Engine/Content/EngineFonts/Faces/RobotoBoldItalic.ufont" 578
"../../../Engine/Content/EngineFonts/Roboto.uasset" 579
"../../../Engine/Content/EngineFonts/Roboto.uexp" 580
"../../../Engine/Content/Functions/Engine_MaterialFunctions02/Utility/CameraDirectionVector.uasset" 581
"../../../Engine/Content/Functions/Engine_MaterialFunctions02/Utility/CameraDirectionVector.uexp" 582
"../../../Engine/Content/EngineDebugMaterials/VolumeToRender.uasset" 583
"../../../Engine/Content/EngineDebugMaterials/VolumeToRender.uexp" 584
"../../../Engine/Content/EngineDebugMaterials/M_VolumeRenderSphereTracePP.uasset" 585
"../../../Engine/Content/EngineDebugMaterials/M_VolumeRenderSphereTracePP.uexp" 586
"../../../Engine/Content/EngineDebugMaterials/M_SimpleUnlitTranslucent.uasset" 587
"../../../Engine/Content/EngineDebugMaterials/M_SimpleUnlitTranslucent.uexp" 588
"../../../Engine/Content/EngineDebugMaterials/DebugMeshMaterial.uasset" 589
"../../../Engine/Content/EngineDebugMaterials/DebugMeshMaterial.uexp" 590
"../../../Engine/Content/EngineDebugMaterials/DebugEditorMaterial.uasset" 591
"../../../Engine/Content/EngineDebugMaterials/DebugEditorMaterial.uexp" 592
"../../../Engine/Content/EngineDamageTypes/DmgTypeBP_Environmental.uasset" 593
"../../../Engine/Content/EngineDamageTypes/DmgTypeBP_Environmental.uexp" 594
"../../../Engine/Content/EditorResources/S_TriggerSphere.uasset" 595
"../../../Engine/Content/EditorResources/S_TriggerSphere.uexp" 596
"../../../Engine/Content/EditorResources/S_TriggerCapsule.uasset" 597
"../../../Engine/Content/EditorResources/S_TriggerCapsule.uexp" 598
"../../../Engine/Content/EditorResources/S_TriggerBox.uasset" 599
"../../../Engine/Content/EditorResources/S_TriggerBox.uexp" 600
"../../../Engine/Content/EditorResources/S_Trigger.ubulk" 601
"../../../Engine/Content/EditorResources/S_Trigger.uasset" 602
"../../../Engine/Content/EditorResources/S_Trigger.uexp" 603
"../../../Engine/Content/EditorResources/S_Terrain.ubulk" 604
"../../../Engine/Content/EditorResources/S_Terrain.uasset" 605
"../../../Engine/Content/EditorResources/S_Terrain.uexp" 606
"../../../Engine/Content/EditorResources/S_Solver.ubulk" 607
"../../../Engine/Content/EditorResources/S_Solver.uasset" 608
"../../../Engine/Content/EditorResources/S_Solver.uexp" 609
"../../../Engine/Content/EditorResources/S_BoxReflectionCapture.uasset" 610
"../../../Engine/Content/EditorResources/S_BoxReflectionCapture.uexp" 611
"../../../Engine/Content/EditorResources/S_Actor.ubulk" 612
"../../../Engine/Content/EditorResources/S_Actor.uasset" 613
"../../../Engine/Content/EditorResources/S_Actor.uexp" 614
"../../../Engine/Content/EditorResources/EmptyActor.uasset" 615
"../../../Engine/Content/EditorResources/EmptyActor.uexp" 616
"../../../Engine/Content/EditorResources/BSPVertex.uasset" 617
"../../../Engine/Content/EditorResources/BSPVertex.uexp" 618
"../../../Engine/Content/EditorResources/SequenceRecorder/RecordingIndicator.uasset" 619
"../../../Engine/Content/EditorResources/SequenceRecorder/RecordingIndicator.uexp" 620
"../../../Engine/Content/EditorResources/SequenceRecorder/Countdown.uasset" 621
"../../../Engine/Content/EditorResources/SequenceRecorder/Countdown.uexp" 622
"../../../Engine/Content/EditorResources/LightIcons/S_LightError.uasset" 623
"../../../Engine/Content/EditorResources/LightIcons/S_LightError.uexp" 624
"../../../Engine/Content/EditorMaterials/Camera/CineMat.uasset" 625
"../../../Engine/Content/EditorMaterials/Camera/CineMat.uexp" 626
"../../../Engine/Content/EditorMaterials/Camera/MI_CineMat_Rig.uasset" 627
"../../../Engine/Content/EditorMaterials/Camera/MI_CineMat_Rig.uexp" 628
"../../../Engine/Content/EditorMeshes/Camera/SM_RailRig_Track.uasset" 629
"../../../Engine/Content/EditorMeshes/Camera/SM_RailRig_Track.uexp" 630
"../../../Engine/Content/EditorMeshes/Camera/SM_RailRig_Mount.uasset" 631
"../../../Engine/Content/EditorMeshes/Camera/SM_RailRig_Mount.uexp" 632
"../../../Engine/Content/EditorMeshes/Camera/SM_CraneRig_Mount.uasset" 633
"../../../Engine/Content/EditorMeshes/Camera/SM_CraneRig_Mount.uexp" 634
"../../../Engine/Content/EditorMeshes/Camera/SM_CraneRig_Body.uasset" 635
"../../../Engine/Content/EditorMeshes/Camera/SM_CraneRig_Body.uexp" 636
"../../../Engine/Content/EditorMeshes/Camera/SM_CraneRig_Base.uasset" 637
"../../../Engine/Content/EditorMeshes/Camera/SM_CraneRig_Base.uexp" 638
"../../../Engine/Content/EditorMeshes/Camera/SM_CraneRig_Arm.uasset" 639
"../../../Engine/Content/EditorMeshes/Camera/SM_CraneRig_Arm.uexp" 640
"../../../Engine/Content/EditorMaterials/PreviewShadowIndicator.ubulk" 641
"../../../Engine/Content/EditorMaterials/PreviewShadowIndicator.uasset" 642
"../../../Engine/Content/EditorMaterials/PreviewShadowIndicator.uexp" 643
"../../../Engine/Content/EditorMaterials/PreviewShadowIndicatorMaterial.uasset" 644
"../../../Engine/Content/EditorMaterials/PreviewShadowIndicatorMaterial.uexp" 645
"../../../Engine/Content/EditorMaterials/MAT_Groups_Visibility.uasset" 646
"../../../Engine/Content/EditorMaterials/MAT_Groups_Visibility.uexp" 647
"../../../Engine/Content/EditorMaterials/MAT_Groups_Toggle.uasset" 648
"../../../Engine/Content/EditorMaterials/MAT_Groups_Toggle.uexp" 649
"../../../Engine/Content/Functions/Engine_MaterialFunctions02/Utility/MakeFloat4.uasset" 650
"../../../Engine/Content/Functions/Engine_MaterialFunctions02/Utility/MakeFloat4.uexp" 651
"../../../Engine/Content/EditorMaterials/WorldPartition/WorldPartitionSpatialHashGridPreviewMaterial.uasset" 652
"../../../Engine/Content/EditorMaterials/WorldPartition/WorldPartitionSpatialHashGridPreviewMaterial.uexp" 653
"../../../Engine/Content/EditorMaterials/ParticleSystems/PSysThumbnail_OOD.ubulk" 654
"../../../Engine/Content/EditorMaterials/ParticleSystems/PSysThumbnail_OOD.uasset" 655
"../../../Engine/Content/EditorMaterials/ParticleSystems/PSysThumbnail_OOD.uexp" 656
"../../../Engine/Content/EditorMaterials/ParticleSystems/PSysThumbnail_NoImage.ubulk" 657
"../../../Engine/Content/EditorMaterials/ParticleSystems/PSysThumbnail_NoImage.uasset" 658
"../../../Engine/Content/EditorMaterials/ParticleSystems/PSysThumbnail_NoImage.uexp" 659
"../../../Engine/Content/EditorMaterials/MatineeGroups/MAT_Groups_Vector.uasset" 660
"../../../Engine/Content/EditorMaterials/MatineeGroups/MAT_Groups_Vector.uexp" 661
"../../../Engine/Content/EditorMaterials/MatineeGroups/MAT_Groups_Sound.uasset" 662
"../../../Engine/Content/EditorMaterials/MatineeGroups/MAT_Groups_Sound.uexp" 663
"../../../Engine/Content/EditorMaterials/MatineeGroups/MAT_Groups_Slomo.uasset" 664
"../../../Engine/Content/EditorMaterials/MatineeGroups/MAT_Groups_Slomo.uexp" 665
"../../../Engine/Content/EditorMaterials/MatineeGroups/MAT_Groups_Move.uasset" 666
"../../../Engine/Content/EditorMaterials/MatineeGroups/MAT_Groups_Move.uexp" 667
"../../../Engine/Content/EditorMaterials/MatineeGroups/MAT_Groups_Float.uasset" 668
"../../../Engine/Content/EditorMaterials/MatineeGroups/MAT_Groups_Float.uexp" 669
"../../../Engine/Content/EditorMaterials/MatineeGroups/MAT_Groups_Fade.uasset" 670
"../../../Engine/Content/EditorMaterials/MatineeGroups/MAT_Groups_Fade.uexp" 671
"../../../Engine/Content/EditorMaterials/MatineeGroups/MAT_Groups_Event.uasset" 672
"../../../Engine/Content/EditorMaterials/MatineeGroups/MAT_Groups_Event.uexp" 673
"../../../Engine/Content/EditorMaterials/MatineeGroups/MAT_Groups_Director.uasset" 674
"../../../Engine/Content/EditorMaterials/MatineeGroups/MAT_Groups_Director.uexp" 675
"../../../Engine/Content/EditorMaterials/MatineeGroups/MAT_Groups_AudioMaster.uasset" 676
"../../../Engine/Content/EditorMaterials/MatineeGroups/MAT_Groups_AudioMaster.uexp" 677
"../../../Engine/Content/EditorMaterials/MatineeGroups/MAT_Groups_Anim.uasset" 678
"../../../Engine/Content/EditorMaterials/MatineeGroups/MAT_Groups_Anim.uexp" 679
"../../../Engine/Content/EditorMaterials/MatineeGroups/MAT_ColorTrack.uasset" 680
"../../../Engine/Content/EditorMaterials/MatineeGroups/MAT_ColorTrack.uexp" 681
"../../../Engine/Content/EditorLandscapeResources/DefaultAlphaTexture.uasset" 682
"../../../Engine/Content/EditorLandscapeResources/DefaultAlphaTexture.uexp" 683
"../../../Engine/Content/EditorLandscapeResources/DataLayer.uasset" 684
"../../../Engine/Content/EditorLandscapeResources/DataLayer.uexp" 685
"../../../Engine/Content/EngineMaterials/DefaultMaterial.uasset" 686
"../../../Engine/Content/EngineMaterials/DefaultMaterial.uexp" 687
"../../../Engine/Content/BasicShapes/Sphere.uasset" 688
"../../../Engine/Content/BasicShapes/Sphere.uexp" 689
"../../../Engine/Content/BasicShapes/Cylinder.uasset" 690
"../../../Engine/Content/BasicShapes/Cylinder.uexp" 691
"../../../Engine/Content/BasicShapes/Cone.uasset" 692
"../../../Engine/Content/BasicShapes/Cone.uexp" 693
"../../../Engine/Content/ArtTools/RenderToTexture/Meshes/S_1_Unit_Plane.uasset" 694
"../../../Engine/Content/ArtTools/RenderToTexture/Meshes/S_1_Unit_Plane.uexp" 695
"../../../Engine/Content/EngineDebugMaterials/HeatmapGradient.ubulk" 696
"../../../Engine/Content/EngineDebugMaterials/HeatmapGradient.uasset" 697
"../../../Engine/Content/EngineDebugMaterials/HeatmapGradient.uexp" 698
"../../../Engine/Content/EngineDebugMaterials/BoneWeightMaterial.uasset" 699
"../../../Engine/Content/EngineDebugMaterials/BoneWeightMaterial.uexp" 700
"F:/ViksGame/UE/MashNDash/Content/Levels/L_MashNDash_1_BuiltData.ubulk" 701
"F:/ViksGame/UE/MashNDash/Content/Levels/L_MashNDash_1_BuiltData.uasset" 702
"F:/ViksGame/UE/MashNDash/Content/Levels/L_MashNDash_1_BuiltData.uexp" 703
"../../../Engine/Content/EngineSky/T_Sky_Stars.ubulk" 704
"../../../Engine/Content/EngineSky/T_Sky_Stars.uasset" 705
"../../../Engine/Content/EngineSky/T_Sky_Stars.uexp" 706
"../../../Engine/Content/EngineSky/T_Sky_Clouds_M.ubulk" 707
"../../../Engine/Content/EngineSky/T_Sky_Clouds_M.uasset" 708
"../../../Engine/Content/EngineSky/T_Sky_Clouds_M.uexp" 709
"../../../Engine/Content/EngineSky/T_Sky_Blue.ubulk" 710
"../../../Engine/Content/EngineSky/T_Sky_Blue.uasset" 711
"../../../Engine/Content/EngineSky/T_Sky_Blue.uexp" 712
"../../../Engine/Content/EngineSky/M_Sky_Panning_Clouds2.uasset" 713
"../../../Engine/Content/EngineSky/M_Sky_Panning_Clouds2.uexp" 714
"../../../Engine/Content/EngineSky/SM_SkySphere.uasset" 715
"../../../Engine/Content/EngineSky/SM_SkySphere.uexp" 716
"F:/ViksGame/UE/MashNDash/Content/Model/T_Track.ubulk" 717
"F:/ViksGame/UE/MashNDash/Content/Model/T_Track.uasset" 718
"F:/ViksGame/UE/MashNDash/Content/Model/T_Track.uexp" 719
"F:/ViksGame/UE/MashNDash/Content/Model/Material__25.uasset" 720
"F:/ViksGame/UE/MashNDash/Content/Model/Material__25.uexp" 721
"F:/ViksGame/UE/MashNDash/Content/Model/SM_Track.uasset" 722
"F:/ViksGame/UE/MashNDash/Content/Model/SM_Track.uexp" 723
"../../../Engine/Content/BasicShapes/Cube.uasset" 724
"../../../Engine/Content/BasicShapes/Cube.uexp" 725
"../../../Engine/Content/BasicShapes/BasicShapeMaterial.uasset" 726
"../../../Engine/Content/BasicShapes/BasicShapeMaterial.uexp" 727
"../../../Engine/Content/BasicShapes/Plane.uasset" 728
"../../../Engine/Content/BasicShapes/Plane.uexp" 729
"../../../Engine/Content/EngineSky/M_SimpleSkyDome.uasset" 730
"../../../Engine/Content/EngineSky/M_SimpleSkyDome.uexp" 731
"F:/ViksGame/UE/MashNDash/Content/Levels/L_MashNDash_1.uexp" 732
"F:/ViksGame/UE/MashNDash/Content/Levels/L_MashNDash_1.umap" 733
"F:/ViksGame/UE/MashNDash/Content/BluePrints/BP_MainMenuStatic.uasset" 734
"F:/ViksGame/UE/MashNDash/Content/BluePrints/BP_MainMenuStatic.uexp" 735
"../../../Engine/Content/Functions/Engine_MaterialFunctions02/SplitComponents.uasset" 736
"../../../Engine/Content/Functions/Engine_MaterialFunctions02/SplitComponents.uexp" 737
"F:/ViksGame/UE/MashNDash/Content/Shaders/M_CelShadingMat.uasset" 738
"F:/ViksGame/UE/MashNDash/Content/Shaders/M_CelShadingMat.uexp" 739
"F:/ViksGame/UE/MashNDash/Content/Levels/L_MainMenu.uexp" 740
"F:/ViksGame/UE/MashNDash/Content/Levels/L_MainMenu.umap" 741
"../../../Engine/Content/Maps/Entry_BuiltData.uasset" 742
"../../../Engine/Content/Maps/Entry_BuiltData.uexp" 743
"../../../Engine/Content/Maps/Entry.uexp" 744
"../../../Engine/Content/Maps/Entry.umap" 745
